  imgui.cpp
  imgui_demo.cpp
  imgui_draw.cpp
  imgui_impl_dx9.cpp
  imgui_impl_win32.cpp
  imgui_tables.cpp
  imgui_widgets.cpp
  main.cpp
C:\Users\Junkyyy\Downloads\BloodHunt_External-main\BloodHunt_External-main\HackExternal\HackExternal\offset.h(38,37): warning C4244: "Initialisierung": Konvertierung von "int" in "float", möglicher Datenverlust
C:\Users\Junkyyy\Downloads\BloodHunt_External-main\BloodHunt_External-main\HackExternal\HackExternal\offset.h(39,38): warning C4244: "Initialisierung": Konvertierung von "int" in "float", möglicher Datenverlust
C:\Users\Junkyyy\Downloads\BloodHunt_External-main\BloodHunt_External-main\HackExternal\HackExternal\function.h(73,12): warning C4244: "Argument": Konvertierung von "time_t" in "unsigned int", möglicher Datenverlust
C:\Users\Junkyyy\Downloads\BloodHunt_External-main\BloodHunt_External-main\HackExternal\HackExternal\function.h(96,17): warning C4244: "Initialisierung": Konvertierung von "int" in "float", möglicher Datenverlust
C:\Users\Junkyyy\Downloads\BloodHunt_External-main\BloodHunt_External-main\HackExternal\HackExternal\function.h(97,17): warning C4244: "Initialisierung": Konvertierung von "int" in "float", möglicher Datenverlust
C:\Program Files (x86)\Microsoft DirectX SDK (June 2010)\Include\dxgitype.h(12,1): warning C4005: "DXGI_STATUS_OCCLUDED": Makro-Neudefinition
C:\Program Files (x86)\Windows Kits\10\Include\10.0.19041.0\shared\winerror.h(56388): message : Siehe vorherige Definition von "DXGI_STATUS_OCCLUDED"
C:\Program Files (x86)\Microsoft DirectX SDK (June 2010)\Include\dxgitype.h(13,1): warning C4005: "DXGI_STATUS_CLIPPED": Makro-Neudefinition
C:\Program Files (x86)\Windows Kits\10\Include\10.0.19041.0\shared\winerror.h(56397): message : Siehe vorherige Definition von "DXGI_STATUS_CLIPPED"
C:\Program Files (x86)\Microsoft DirectX SDK (June 2010)\Include\dxgitype.h(14,1): warning C4005: "DXGI_STATUS_NO_REDIRECTION": Makro-Neudefinition
C:\Program Files (x86)\Windows Kits\10\Include\10.0.19041.0\shared\winerror.h(56406): message : Siehe vorherige Definition von "DXGI_STATUS_NO_REDIRECTION"
C:\Program Files (x86)\Microsoft DirectX SDK (June 2010)\Include\dxgitype.h(15,1): warning C4005: "DXGI_STATUS_NO_DESKTOP_ACCESS": Makro-Neudefinition
C:\Program Files (x86)\Windows Kits\10\Include\10.0.19041.0\shared\winerror.h(56415): message : Siehe vorherige Definition von "DXGI_STATUS_NO_DESKTOP_ACCESS"
C:\Program Files (x86)\Microsoft DirectX SDK (June 2010)\Include\dxgitype.h(16,1): warning C4005: "DXGI_STATUS_GRAPHICS_VIDPN_SOURCE_IN_USE": Makro-Neudefinition
C:\Program Files (x86)\Windows Kits\10\Include\10.0.19041.0\shared\winerror.h(56424): message : Siehe vorherige Definition von "DXGI_STATUS_GRAPHICS_VIDPN_SOURCE_IN_USE"
C:\Program Files (x86)\Microsoft DirectX SDK (June 2010)\Include\dxgitype.h(17,1): warning C4005: "DXGI_STATUS_MODE_CHANGED": Makro-Neudefinition
C:\Program Files (x86)\Windows Kits\10\Include\10.0.19041.0\shared\winerror.h(56433): message : Siehe vorherige Definition von "DXGI_STATUS_MODE_CHANGED"
C:\Program Files (x86)\Microsoft DirectX SDK (June 2010)\Include\dxgitype.h(18,1): warning C4005: "DXGI_STATUS_MODE_CHANGE_IN_PROGRESS": Makro-Neudefinition
C:\Program Files (x86)\Windows Kits\10\Include\10.0.19041.0\shared\winerror.h(56442): message : Siehe vorherige Definition von "DXGI_STATUS_MODE_CHANGE_IN_PROGRESS"
C:\Program Files (x86)\Microsoft DirectX SDK (June 2010)\Include\dxgitype.h(21,1): warning C4005: "DXGI_ERROR_INVALID_CALL": Makro-Neudefinition
C:\Program Files (x86)\Windows Kits\10\Include\10.0.19041.0\shared\winerror.h(56457): message : Siehe vorherige Definition von "DXGI_ERROR_INVALID_CALL"
C:\Program Files (x86)\Microsoft DirectX SDK (June 2010)\Include\dxgitype.h(22,1): warning C4005: "DXGI_ERROR_NOT_FOUND": Makro-Neudefinition
C:\Program Files (x86)\Windows Kits\10\Include\10.0.19041.0\shared\winerror.h(56466): message : Siehe vorherige Definition von "DXGI_ERROR_NOT_FOUND"
C:\Program Files (x86)\Microsoft DirectX SDK (June 2010)\Include\dxgitype.h(23,1): warning C4005: "DXGI_ERROR_MORE_DATA": Makro-Neudefinition
C:\Program Files (x86)\Windows Kits\10\Include\10.0.19041.0\shared\winerror.h(56475): message : Siehe vorherige Definition von "DXGI_ERROR_MORE_DATA"
C:\Program Files (x86)\Microsoft DirectX SDK (June 2010)\Include\dxgitype.h(24,1): warning C4005: "DXGI_ERROR_UNSUPPORTED": Makro-Neudefinition
C:\Program Files (x86)\Windows Kits\10\Include\10.0.19041.0\shared\winerror.h(56484): message : Siehe vorherige Definition von "DXGI_ERROR_UNSUPPORTED"
C:\Program Files (x86)\Microsoft DirectX SDK (June 2010)\Include\dxgitype.h(25,1): warning C4005: "DXGI_ERROR_DEVICE_REMOVED": Makro-Neudefinition
C:\Program Files (x86)\Windows Kits\10\Include\10.0.19041.0\shared\winerror.h(56493): message : Siehe vorherige Definition von "DXGI_ERROR_DEVICE_REMOVED"
C:\Program Files (x86)\Microsoft DirectX SDK (June 2010)\Include\dxgitype.h(26,1): warning C4005: "DXGI_ERROR_DEVICE_HUNG": Makro-Neudefinition
C:\Program Files (x86)\Windows Kits\10\Include\10.0.19041.0\shared\winerror.h(56502): message : Siehe vorherige Definition von "DXGI_ERROR_DEVICE_HUNG"
C:\Program Files (x86)\Microsoft DirectX SDK (June 2010)\Include\dxgitype.h(27,1): warning C4005: "DXGI_ERROR_DEVICE_RESET": Makro-Neudefinition
C:\Program Files (x86)\Windows Kits\10\Include\10.0.19041.0\shared\winerror.h(56512): message : Siehe vorherige Definition von "DXGI_ERROR_DEVICE_RESET"
C:\Program Files (x86)\Microsoft DirectX SDK (June 2010)\Include\dxgitype.h(28,1): warning C4005: "DXGI_ERROR_WAS_STILL_DRAWING": Makro-Neudefinition
C:\Program Files (x86)\Windows Kits\10\Include\10.0.19041.0\shared\winerror.h(56521): message : Siehe vorherige Definition von "DXGI_ERROR_WAS_STILL_DRAWING"
C:\Program Files (x86)\Microsoft DirectX SDK (June 2010)\Include\dxgitype.h(29,1): warning C4005: "DXGI_ERROR_FRAME_STATISTICS_DISJOINT": Makro-Neudefinition
C:\Program Files (x86)\Windows Kits\10\Include\10.0.19041.0\shared\winerror.h(56531): message : Siehe vorherige Definition von "DXGI_ERROR_FRAME_STATISTICS_DISJOINT"
C:\Program Files (x86)\Microsoft DirectX SDK (June 2010)\Include\dxgitype.h(30,1): warning C4005: "DXGI_ERROR_GRAPHICS_VIDPN_SOURCE_IN_USE": Makro-Neudefinition
C:\Program Files (x86)\Windows Kits\10\Include\10.0.19041.0\shared\winerror.h(56540): message : Siehe vorherige Definition von "DXGI_ERROR_GRAPHICS_VIDPN_SOURCE_IN_USE"
C:\Program Files (x86)\Microsoft DirectX SDK (June 2010)\Include\dxgitype.h(31,1): warning C4005: "DXGI_ERROR_DRIVER_INTERNAL_ERROR": Makro-Neudefinition
C:\Program Files (x86)\Windows Kits\10\Include\10.0.19041.0\shared\winerror.h(56550): message : Siehe vorherige Definition von "DXGI_ERROR_DRIVER_INTERNAL_ERROR"
C:\Program Files (x86)\Microsoft DirectX SDK (June 2010)\Include\dxgitype.h(32,1): warning C4005: "DXGI_ERROR_NONEXCLUSIVE": Makro-Neudefinition
C:\Program Files (x86)\Windows Kits\10\Include\10.0.19041.0\shared\winerror.h(56559): message : Siehe vorherige Definition von "DXGI_ERROR_NONEXCLUSIVE"
C:\Program Files (x86)\Microsoft DirectX SDK (June 2010)\Include\dxgitype.h(33,1): warning C4005: "DXGI_ERROR_NOT_CURRENTLY_AVAILABLE": Makro-Neudefinition
C:\Program Files (x86)\Windows Kits\10\Include\10.0.19041.0\shared\winerror.h(56568): message : Siehe vorherige Definition von "DXGI_ERROR_NOT_CURRENTLY_AVAILABLE"
C:\Program Files (x86)\Microsoft DirectX SDK (June 2010)\Include\dxgitype.h(34,1): warning C4005: "DXGI_ERROR_REMOTE_CLIENT_DISCONNECTED": Makro-Neudefinition
C:\Program Files (x86)\Windows Kits\10\Include\10.0.19041.0\shared\winerror.h(56578): message : Siehe vorherige Definition von "DXGI_ERROR_REMOTE_CLIENT_DISCONNECTED"
C:\Program Files (x86)\Microsoft DirectX SDK (June 2010)\Include\dxgitype.h(35,1): warning C4005: "DXGI_ERROR_REMOTE_OUTOFMEMORY": Makro-Neudefinition
C:\Program Files (x86)\Windows Kits\10\Include\10.0.19041.0\shared\winerror.h(56587): message : Siehe vorherige Definition von "DXGI_ERROR_REMOTE_OUTOFMEMORY"
C:\Program Files (x86)\Microsoft DirectX SDK (June 2010)\Include\d3d11.h(917,1): warning C4005: "D3D11_ERROR_TOO_MANY_UNIQUE_STATE_OBJECTS": Makro-Neudefinition
C:\Program Files (x86)\Windows Kits\10\Include\10.0.19041.0\shared\winerror.h(56865): message : Siehe vorherige Definition von "D3D11_ERROR_TOO_MANY_UNIQUE_STATE_OBJECTS"
C:\Program Files (x86)\Microsoft DirectX SDK (June 2010)\Include\d3d11.h(918,1): warning C4005: "D3D11_ERROR_FILE_NOT_FOUND": Makro-Neudefinition
C:\Program Files (x86)\Windows Kits\10\Include\10.0.19041.0\shared\winerror.h(56874): message : Siehe vorherige Definition von "D3D11_ERROR_FILE_NOT_FOUND"
C:\Program Files (x86)\Microsoft DirectX SDK (June 2010)\Include\d3d11.h(919,1): warning C4005: "D3D11_ERROR_TOO_MANY_UNIQUE_VIEW_OBJECTS": Makro-Neudefinition
C:\Program Files (x86)\Windows Kits\10\Include\10.0.19041.0\shared\winerror.h(56884): message : Siehe vorherige Definition von "D3D11_ERROR_TOO_MANY_UNIQUE_VIEW_OBJECTS"
C:\Program Files (x86)\Microsoft DirectX SDK (June 2010)\Include\d3d11.h(920,1): warning C4005: "D3D11_ERROR_DEFERRED_CONTEXT_MAP_WITHOUT_INITIAL_DISCARD": Makro-Neudefinition
C:\Program Files (x86)\Windows Kits\10\Include\10.0.19041.0\shared\winerror.h(56893): message : Siehe vorherige Definition von "D3D11_ERROR_DEFERRED_CONTEXT_MAP_WITHOUT_INITIAL_DISCARD"
C:\Program Files (x86)\Microsoft DirectX SDK (June 2010)\Include\d3d10.h(608,1): warning C4005: "D3D10_ERROR_TOO_MANY_UNIQUE_STATE_OBJECTS": Makro-Neudefinition
C:\Program Files (x86)\Windows Kits\10\Include\10.0.19041.0\shared\winerror.h(56841): message : Siehe vorherige Definition von "D3D10_ERROR_TOO_MANY_UNIQUE_STATE_OBJECTS"
C:\Program Files (x86)\Microsoft DirectX SDK (June 2010)\Include\d3d10.h(609,1): warning C4005: "D3D10_ERROR_FILE_NOT_FOUND": Makro-Neudefinition
C:\Program Files (x86)\Windows Kits\10\Include\10.0.19041.0\shared\winerror.h(56850): message : Siehe vorherige Definition von "D3D10_ERROR_FILE_NOT_FOUND"
C:\Users\Junkyyy\Downloads\BloodHunt_External-main\BloodHunt_External-main\HackExternal\HackExternal\overlay.h(39,74): warning C4267: "Argument": Konvertierung von "size_t" nach "int", Datenverlust möglich
  The contents of <filesystem> are available only with C++17 or later.
C:\Users\Junkyyy\Downloads\BloodHunt_External-main\BloodHunt_External-main\HackExternal\HackExternal\Mhyprot\file_utils.hpp(33,42): error C2039: "string_view" ist kein Member von "std".
C:\Program Files\Microsoft Visual Studio\2022\Community\VC\Tools\MSVC\14.31.31103\include\fstream(26): message : Siehe Deklaration von "std"
C:\Users\Junkyyy\Downloads\BloodHunt_External-main\BloodHunt_External-main\HackExternal\HackExternal\Mhyprot\file_utils.hpp(33,54): error C4430: Fehlender Typspezifizierer - int wird angenommen. Hinweis: "default-int" wird von C++ nicht unterstützt.
C:\Users\Junkyyy\Downloads\BloodHunt_External-main\BloodHunt_External-main\HackExternal\HackExternal\Mhyprot\file_utils.hpp(33,54): error C2146: Syntaxfehler: Fehlendes ")" vor Bezeichner "file_path"
C:\Users\Junkyyy\Downloads\BloodHunt_External-main\BloodHunt_External-main\HackExternal\HackExternal\Mhyprot\file_utils.hpp(33,54): error C3646: "file_path": Unbekannter Überschreibungsspezifizierer
C:\Users\Junkyyy\Downloads\BloodHunt_External-main\BloodHunt_External-main\HackExternal\HackExternal\Mhyprot\file_utils.hpp(33,65): error C2062: "void"-Typ unerwartet
C:\Users\Junkyyy\Downloads\BloodHunt_External-main\BloodHunt_External-main\HackExternal\HackExternal\Mhyprot\file_utils.hpp(33,90): error C2059: Syntaxfehler: ")"
C:\Users\Junkyyy\Downloads\BloodHunt_External-main\BloodHunt_External-main\HackExternal\HackExternal\Mhyprot\win_utils.hpp(42,38): error C2039: "string_view" ist kein Member von "std".
C:\Program Files\Microsoft Visual Studio\2022\Community\VC\Tools\MSVC\14.31.31103\include\fstream(26): message : Siehe Deklaration von "std"
C:\Users\Junkyyy\Downloads\BloodHunt_External-main\BloodHunt_External-main\HackExternal\HackExternal\Mhyprot\win_utils.hpp(42,50): error C4430: Fehlender Typspezifizierer - int wird angenommen. Hinweis: "default-int" wird von C++ nicht unterstützt.
C:\Users\Junkyyy\Downloads\BloodHunt_External-main\BloodHunt_External-main\HackExternal\HackExternal\Mhyprot\win_utils.hpp(42,50): error C2146: Syntaxfehler: Fehlendes ")" vor Bezeichner "process_name"
C:\Users\Junkyyy\Downloads\BloodHunt_External-main\BloodHunt_External-main\HackExternal\HackExternal\Mhyprot\win_utils.hpp(42,50): error C3646: "process_name": Unbekannter Überschreibungsspezifizierer
C:\Users\Junkyyy\Downloads\BloodHunt_External-main\BloodHunt_External-main\HackExternal\HackExternal\Mhyprot\win_utils.hpp(42,62): error C2059: Syntaxfehler: ")"
C:\Users\Junkyyy\Downloads\BloodHunt_External-main\BloodHunt_External-main\HackExternal\HackExternal\Mhyprot\win_utils.hpp(45,47): error C2039: "string_view" ist kein Member von "std".
C:\Program Files\Microsoft Visual Studio\2022\Community\VC\Tools\MSVC\14.31.31103\include\fstream(26): message : Siehe Deklaration von "std"
C:\Users\Junkyyy\Downloads\BloodHunt_External-main\BloodHunt_External-main\HackExternal\HackExternal\Mhyprot\win_utils.hpp(45,59): error C4430: Fehlender Typspezifizierer - int wird angenommen. Hinweis: "default-int" wird von C++ nicht unterstützt.
C:\Users\Junkyyy\Downloads\BloodHunt_External-main\BloodHunt_External-main\HackExternal\HackExternal\Mhyprot\win_utils.hpp(45,59): error C2146: Syntaxfehler: Fehlendes ")" vor Bezeichner "target_module_name"
C:\Users\Junkyyy\Downloads\BloodHunt_External-main\BloodHunt_External-main\HackExternal\HackExternal\Mhyprot\win_utils.hpp(45,59): error C3646: "target_module_name": Unbekannter Überschreibungsspezifizierer
C:\Users\Junkyyy\Downloads\BloodHunt_External-main\BloodHunt_External-main\HackExternal\HackExternal\Mhyprot\win_utils.hpp(45,79): error C2062: "bool"-Typ unerwartet
C:\Users\Junkyyy\Downloads\BloodHunt_External-main\BloodHunt_External-main\HackExternal\HackExternal\Mhyprot\win_utils.hpp(45,104): error C2059: Syntaxfehler: ")"
C:\Users\Junkyyy\Downloads\BloodHunt_External-main\BloodHunt_External-main\HackExternal\HackExternal\Mhyprot\service_utils.hpp(45,38): error C2039: "string_view" ist kein Member von "std".
C:\Program Files\Microsoft Visual Studio\2022\Community\VC\Tools\MSVC\14.31.31103\include\fstream(26): message : Siehe Deklaration von "std"
C:\Users\Junkyyy\Downloads\BloodHunt_External-main\BloodHunt_External-main\HackExternal\HackExternal\Mhyprot\service_utils.hpp(45,50): error C4430: Fehlender Typspezifizierer - int wird angenommen. Hinweis: "default-int" wird von C++ nicht unterstützt.
C:\Users\Junkyyy\Downloads\BloodHunt_External-main\BloodHunt_External-main\HackExternal\HackExternal\Mhyprot\service_utils.hpp(45,50): error C2146: Syntaxfehler: Fehlendes ")" vor Bezeichner "driver_path"
C:\Users\Junkyyy\Downloads\BloodHunt_External-main\BloodHunt_External-main\HackExternal\HackExternal\Mhyprot\service_utils.hpp(45,50): error C3646: "driver_path": Unbekannter Überschreibungsspezifizierer
C:\Users\Junkyyy\Downloads\BloodHunt_External-main\BloodHunt_External-main\HackExternal\HackExternal\Mhyprot\service_utils.hpp(45,61): error C2059: Syntaxfehler: ")"
C:\Users\Junkyyy\Downloads\BloodHunt_External-main\BloodHunt_External-main\HackExternal\HackExternal\Mhyprot\mhyprot.hpp(86,17): error C7525: Inlinevariablen erfordern mindestens "/std:c++17".
C:\Users\Junkyyy\Downloads\BloodHunt_External-main\BloodHunt_External-main\HackExternal\HackExternal\Mhyprot\mhyprot.hpp(87,19): error C7525: Inlinevariablen erfordern mindestens "/std:c++17".
C:\Users\Junkyyy\Downloads\BloodHunt_External-main\BloodHunt_External-main\HackExternal\HackExternal\Mhyprot\mhyprot.hpp(88,20): error C7525: Inlinevariablen erfordern mindestens "/std:c++17".
C:\Users\Junkyyy\Downloads\BloodHunt_External-main\BloodHunt_External-main\HackExternal\HackExternal\main.cpp(27,6): error C2039: "vector" ist kein Member von "std".
C:\Program Files\Microsoft Visual Studio\2022\Community\VC\Tools\MSVC\14.31.31103\include\fstream(26): message : Siehe Deklaration von "std"
C:\Users\Junkyyy\Downloads\BloodHunt_External-main\BloodHunt_External-main\HackExternal\HackExternal\main.cpp(27,12): error C2143: Syntaxfehler: Es fehlt ";" vor "<"
C:\Users\Junkyyy\Downloads\BloodHunt_External-main\BloodHunt_External-main\HackExternal\HackExternal\main.cpp(27,12): error C4430: Fehlender Typspezifizierer - int wird angenommen. Hinweis: "default-int" wird von C++ nicht unterstützt.
C:\Users\Junkyyy\Downloads\BloodHunt_External-main\BloodHunt_External-main\HackExternal\HackExternal\main.cpp(47,26): error C2065: "entityList": nichtdeklarierter Bezeichner
C:\Users\Junkyyy\Downloads\BloodHunt_External-main\BloodHunt_External-main\HackExternal\HackExternal\main.cpp(59,8): error C3536: "Entity": Kann nicht verwendet werden, bevor es initialisiert wurde.
C:\Users\Junkyyy\Downloads\BloodHunt_External-main\BloodHunt_External-main\HackExternal\HackExternal\main.cpp(63,60): error C3536: "head_pos": Kann nicht verwendet werden, bevor es initialisiert wurde.
C:\Users\Junkyyy\Downloads\BloodHunt_External-main\BloodHunt_External-main\HackExternal\HackExternal\main.cpp(75,28): error C2679: Binärer Operator "=": Es konnte kein Operator gefunden werden, der einen rechtsseitigen Operanden vom Typ "int" akzeptiert (oder keine geeignete Konvertierung möglich)
C:\Users\Junkyyy\Downloads\BloodHunt_External-main\BloodHunt_External-main\HackExternal\HackExternal\main.cpp(26,1): message : kann "_EntityList &_EntityList::operator =(_EntityList &&)" sein
C:\Users\Junkyyy\Downloads\BloodHunt_External-main\BloodHunt_External-main\HackExternal\HackExternal\main.cpp(26,1): message : oder "_EntityList &_EntityList::operator =(const _EntityList &)"
C:\Users\Junkyyy\Downloads\BloodHunt_External-main\BloodHunt_External-main\HackExternal\HackExternal\main.cpp(75,28): message : bei Anpassung der Argumentliste "(EntityList, int)"
C:\Users\Junkyyy\Downloads\BloodHunt_External-main\BloodHunt_External-main\HackExternal\HackExternal\main.cpp(101,8): error C2039: "vector" ist kein Member von "std".
C:\Program Files\Microsoft Visual Studio\2022\Community\VC\Tools\MSVC\14.31.31103\include\fstream(26): message : Siehe Deklaration von "std"
C:\Users\Junkyyy\Downloads\BloodHunt_External-main\BloodHunt_External-main\HackExternal\HackExternal\main.cpp(101,15): error C2275: "EntityList": Ungültige Verwendung dieses Typs als Ausdruck
C:\Users\Junkyyy\Downloads\BloodHunt_External-main\BloodHunt_External-main\HackExternal\HackExternal\main.cpp(26): message : Siehe Deklaration von "EntityList"
C:\Users\Junkyyy\Downloads\BloodHunt_External-main\BloodHunt_External-main\HackExternal\HackExternal\main.cpp(101,27): error C2065: "tmpList": nichtdeklarierter Bezeichner
C:\Users\Junkyyy\Downloads\BloodHunt_External-main\BloodHunt_External-main\HackExternal\HackExternal\main.cpp(139,6): error C2065: "tmpList": nichtdeklarierter Bezeichner
C:\Users\Junkyyy\Downloads\BloodHunt_External-main\BloodHunt_External-main\HackExternal\HackExternal\main.cpp(143,3): error C2065: "entityList": nichtdeklarierter Bezeichner
C:\Users\Junkyyy\Downloads\BloodHunt_External-main\BloodHunt_External-main\HackExternal\HackExternal\main.cpp(143,16): error C2065: "tmpList": nichtdeklarierter Bezeichner
C:\Users\Junkyyy\Downloads\BloodHunt_External-main\BloodHunt_External-main\HackExternal\HackExternal\main.cpp(149,25): error C2065: "entityList": nichtdeklarierter Bezeichner
C:\Users\Junkyyy\Downloads\BloodHunt_External-main\BloodHunt_External-main\HackExternal\HackExternal\main.cpp(155,6): error C3536: "Entity": Kann nicht verwendet werden, bevor es initialisiert wurde.
C:\Users\Junkyyy\Downloads\BloodHunt_External-main\BloodHunt_External-main\HackExternal\HackExternal\main.cpp(165,49): error C3536: "bone_pos": Kann nicht verwendet werden, bevor es initialisiert wurde.
C:\Users\Junkyyy\Downloads\BloodHunt_External-main\BloodHunt_External-main\HackExternal\HackExternal\main.cpp(165,49): error C2664: "Vector3 ProjectWorldToScreen(Vector3)" : Konvertierung von Argument 1 von "int" in "Vector3" nicht möglich
C:\Users\Junkyyy\Downloads\BloodHunt_External-main\BloodHunt_External-main\HackExternal\HackExternal\main.cpp(165,49): message : Quelltyp konnte von keinem Konstruktor angenommen werden, oder die Überladungsauflösung des Konstruktors ist mehrdeutig
C:\Users\Junkyyy\Downloads\BloodHunt_External-main\BloodHunt_External-main\HackExternal\HackExternal\function.h(260,9): message : Siehe Deklaration von "ProjectWorldToScreen"
C:\Users\Junkyyy\Downloads\BloodHunt_External-main\BloodHunt_External-main\HackExternal\HackExternal\main.cpp(166,54): error C3536: "head_pos": Kann nicht verwendet werden, bevor es initialisiert wurde.
C:\Users\Junkyyy\Downloads\BloodHunt_External-main\BloodHunt_External-main\HackExternal\HackExternal\main.cpp(168,53): error C2664: "float Vector3::Distance(Vector3)" : Konvertierung von Argument 1 von "int" in "Vector3" nicht möglich
C:\Users\Junkyyy\Downloads\BloodHunt_External-main\BloodHunt_External-main\HackExternal\HackExternal\main.cpp(168,53): message : Quelltyp konnte von keinem Konstruktor angenommen werden, oder die Überladungsauflösung des Konstruktors ist mehrdeutig
C:\Users\Junkyyy\Downloads\BloodHunt_External-main\BloodHunt_External-main\HackExternal\HackExternal\vector.h(33,15): message : Siehe Deklaration von "Vector3::Distance"
C:\Users\Junkyyy\Downloads\BloodHunt_External-main\BloodHunt_External-main\HackExternal\HackExternal\main.cpp(170,47): error C3536: "BottomBox": Kann nicht verwendet werden, bevor es initialisiert wurde.
C:\Users\Junkyyy\Downloads\BloodHunt_External-main\BloodHunt_External-main\HackExternal\HackExternal\main.cpp(171,35): error C3536: "CornerHeight": Kann nicht verwendet werden, bevor es initialisiert wurde.
C:\Users\Junkyyy\Downloads\BloodHunt_External-main\BloodHunt_External-main\HackExternal\HackExternal\main.cpp(174,44): error C3536: "bVisible": Kann nicht verwendet werden, bevor es initialisiert wurde.
C:\Users\Junkyyy\Downloads\BloodHunt_External-main\BloodHunt_External-main\HackExternal\HackExternal\main.cpp(180,64): warning C4244: "Argument": Konvertierung von "int" in "float", möglicher Datenverlust
C:\Users\Junkyyy\Downloads\BloodHunt_External-main\BloodHunt_External-main\HackExternal\HackExternal\main.cpp(180,37): warning C4244: "Argument": Konvertierung von "int" in "float", möglicher Datenverlust
C:\Users\Junkyyy\Downloads\BloodHunt_External-main\BloodHunt_External-main\HackExternal\HackExternal\main.cpp(185,7): error C3536: "entity_distance": Kann nicht verwendet werden, bevor es initialisiert wurde.
C:\Users\Junkyyy\Downloads\BloodHunt_External-main\BloodHunt_External-main\HackExternal\HackExternal\main.cpp(191,68): warning C4244: "Argument": Konvertierung von "int" in "float", möglicher Datenverlust
C:\Users\Junkyyy\Downloads\BloodHunt_External-main\BloodHunt_External-main\HackExternal\HackExternal\main.cpp(191,55): warning C4244: "Argument": Konvertierung von "double" in "float", möglicher Datenverlust
C:\Users\Junkyyy\Downloads\BloodHunt_External-main\BloodHunt_External-main\HackExternal\HackExternal\main.cpp(191,24): warning C4244: "Argument": Konvertierung von "double" in "float", möglicher Datenverlust
C:\Users\Junkyyy\Downloads\BloodHunt_External-main\BloodHunt_External-main\HackExternal\HackExternal\main.cpp(195,76): warning C4244: "Argument": Konvertierung von "int" in "float", möglicher Datenverlust
C:\Users\Junkyyy\Downloads\BloodHunt_External-main\BloodHunt_External-main\HackExternal\HackExternal\main.cpp(195,63): warning C4244: "Argument": Konvertierung von "double" in "float", möglicher Datenverlust
C:\Users\Junkyyy\Downloads\BloodHunt_External-main\BloodHunt_External-main\HackExternal\HackExternal\main.cpp(195,32): warning C4244: "Argument": Konvertierung von "double" in "float", möglicher Datenverlust
C:\Users\Junkyyy\Downloads\BloodHunt_External-main\BloodHunt_External-main\HackExternal\HackExternal\main.cpp(217,22): warning C4477: "sprintf_s": Die Formatzeichenfolge "%.f" erfordert ein Argument vom Typ "double", das variadic-Argument "1" weist aber den Typ "int" auf.
C:\Users\Junkyyy\Downloads\BloodHunt_External-main\BloodHunt_External-main\HackExternal\HackExternal\main.cpp(223,42): error C3536: "PlayerName": Kann nicht verwendet werden, bevor es initialisiert wurde.
C:\Users\Junkyyy\Downloads\BloodHunt_External-main\BloodHunt_External-main\HackExternal\HackExternal\main.cpp(223,123): error C2660: "DrawOutlinedText": Funktion akzeptiert keine 5 Argumente
C:\Users\Junkyyy\Downloads\BloodHunt_External-main\BloodHunt_External-main\HackExternal\HackExternal\overlay.h(100,6): message : Siehe Deklaration von "DrawOutlinedText"
C:\Users\Junkyyy\Downloads\BloodHunt_External-main\BloodHunt_External-main\HackExternal\HackExternal\main.cpp(229,31): error C3536: "Health": Kann nicht verwendet werden, bevor es initialisiert wurde.
C:\Users\Junkyyy\Downloads\BloodHunt_External-main\BloodHunt_External-main\HackExternal\HackExternal\main.cpp(229,48): error C3536: "MaxHealth": Kann nicht verwendet werden, bevor es initialisiert wurde.
C:\Users\Junkyyy\Downloads\BloodHunt_External-main\BloodHunt_External-main\HackExternal\HackExternal\main.cpp(231,18): warning C4244: "Initialisierung": Konvertierung von "double" in "float", möglicher Datenverlust
C:\Users\Junkyyy\Downloads\BloodHunt_External-main\BloodHunt_External-main\HackExternal\HackExternal\main.cpp(235,107): error C2660: "HealthBar": Funktion akzeptiert keine 5 Argumente
C:\Users\Junkyyy\Downloads\BloodHunt_External-main\BloodHunt_External-main\HackExternal\HackExternal\overlay.h(82,6): message : Siehe Deklaration von "HealthBar"
C:\Users\Junkyyy\Downloads\BloodHunt_External-main\BloodHunt_External-main\HackExternal\HackExternal\main.cpp(428,32): warning C4244: "=": Konvertierung von "LONG" in "float", möglicher Datenverlust
C:\Users\Junkyyy\Downloads\BloodHunt_External-main\BloodHunt_External-main\HackExternal\HackExternal\main.cpp(429,32): warning C4244: "=": Konvertierung von "LONG" in "float", möglicher Datenverlust
C:\Users\Junkyyy\Downloads\BloodHunt_External-main\BloodHunt_External-main\HackExternal\HackExternal\main.cpp(537,17): error C2679: Binärer Operator "=": Es konnte kein Operator gefunden werden, der einen rechtsseitigen Operanden vom Typ "initializer list" akzeptiert (oder keine geeignete Konvertierung möglich)
C:\Program Files (x86)\Windows Kits\10\Include\10.0.19041.0\um\winuser.h(1789,1): message : kann "tagWNDCLASSEXW &tagWNDCLASSEXW::operator =(tagWNDCLASSEXW &&)" sein
C:\Program Files (x86)\Windows Kits\10\Include\10.0.19041.0\um\winuser.h(1789,1): message : oder "tagWNDCLASSEXW &tagWNDCLASSEXW::operator =(const tagWNDCLASSEXW &)"
C:\Users\Junkyyy\Downloads\BloodHunt_External-main\BloodHunt_External-main\HackExternal\HackExternal\main.cpp(539,2): message : bei Anpassung der Argumentliste "(WNDCLASSEX, initializer list)"
C:\Users\Junkyyy\Downloads\BloodHunt_External-main\BloodHunt_External-main\HackExternal\HackExternal\main.cpp(553,215): error C2664: "HWND CreateWindowExW(DWORD,LPCWSTR,LPCWSTR,DWORD,int,int,int,int,HWND,HMENU,HINSTANCE,LPVOID)" : Konvertierung von Argument 2 von "LPCSTR" in "LPCWSTR" nicht möglich
C:\Users\Junkyyy\Downloads\BloodHunt_External-main\BloodHunt_External-main\HackExternal\HackExternal\main.cpp(553,60): message : Die Typen, auf die verwiesen wird, sind unabhängig; die Konvertierung erfordert eine reinterpret_cast-Umwandlung, eine C-Stil-Umwandlung oder eine in Klammern gesetzte Umwandlung im Funktionsstil.
C:\Program Files (x86)\Windows Kits\10\Include\10.0.19041.0\um\winuser.h(4432,1): message : Siehe Deklaration von "CreateWindowExW"
C:\Users\Junkyyy\Downloads\BloodHunt_External-main\BloodHunt_External-main\HackExternal\HackExternal\main.cpp(567,37): warning C4244: "=": Konvertierung von "uint64_t" in "DWORD", möglicher Datenverlust
C:\Users\Junkyyy\Downloads\BloodHunt_External-main\BloodHunt_External-main\HackExternal\HackExternal\main.cpp(570,10): warning C4129: " ": nicht erkannte Folge von Escapesequenz
  baseadress.cpp
  The contents of <filesystem> are available only with C++17 or later.
C:\Users\Junkyyy\Downloads\BloodHunt_External-main\BloodHunt_External-main\HackExternal\HackExternal\Mhyprot\file_utils.hpp(33,42): error C2039: "string_view" ist kein Member von "std".
C:\Program Files\Microsoft Visual Studio\2022\Community\VC\Tools\MSVC\14.31.31103\include\string(24): message : Siehe Deklaration von "std"
C:\Users\Junkyyy\Downloads\BloodHunt_External-main\BloodHunt_External-main\HackExternal\HackExternal\Mhyprot\file_utils.hpp(33,54): error C4430: Fehlender Typspezifizierer - int wird angenommen. Hinweis: "default-int" wird von C++ nicht unterstützt.
C:\Users\Junkyyy\Downloads\BloodHunt_External-main\BloodHunt_External-main\HackExternal\HackExternal\Mhyprot\file_utils.hpp(33,54): error C2146: Syntaxfehler: Fehlendes ")" vor Bezeichner "file_path"
C:\Users\Junkyyy\Downloads\BloodHunt_External-main\BloodHunt_External-main\HackExternal\HackExternal\Mhyprot\file_utils.hpp(33,54): error C3646: "file_path": Unbekannter Überschreibungsspezifizierer
C:\Users\Junkyyy\Downloads\BloodHunt_External-main\BloodHunt_External-main\HackExternal\HackExternal\Mhyprot\file_utils.hpp(33,65): error C2062: "void"-Typ unerwartet
C:\Users\Junkyyy\Downloads\BloodHunt_External-main\BloodHunt_External-main\HackExternal\HackExternal\Mhyprot\file_utils.hpp(33,90): error C2059: Syntaxfehler: ")"
C:\Users\Junkyyy\Downloads\BloodHunt_External-main\BloodHunt_External-main\HackExternal\HackExternal\Mhyprot\win_utils.hpp(42,38): error C2039: "string_view" ist kein Member von "std".
C:\Program Files\Microsoft Visual Studio\2022\Community\VC\Tools\MSVC\14.31.31103\include\string(24): message : Siehe Deklaration von "std"
C:\Users\Junkyyy\Downloads\BloodHunt_External-main\BloodHunt_External-main\HackExternal\HackExternal\Mhyprot\win_utils.hpp(42,50): error C4430: Fehlender Typspezifizierer - int wird angenommen. Hinweis: "default-int" wird von C++ nicht unterstützt.
C:\Users\Junkyyy\Downloads\BloodHunt_External-main\BloodHunt_External-main\HackExternal\HackExternal\Mhyprot\win_utils.hpp(42,50): error C2146: Syntaxfehler: Fehlendes ")" vor Bezeichner "process_name"
C:\Users\Junkyyy\Downloads\BloodHunt_External-main\BloodHunt_External-main\HackExternal\HackExternal\Mhyprot\win_utils.hpp(42,50): error C3646: "process_name": Unbekannter Überschreibungsspezifizierer
C:\Users\Junkyyy\Downloads\BloodHunt_External-main\BloodHunt_External-main\HackExternal\HackExternal\Mhyprot\win_utils.hpp(42,62): error C2059: Syntaxfehler: ")"
C:\Users\Junkyyy\Downloads\BloodHunt_External-main\BloodHunt_External-main\HackExternal\HackExternal\Mhyprot\win_utils.hpp(45,47): error C2039: "string_view" ist kein Member von "std".
C:\Program Files\Microsoft Visual Studio\2022\Community\VC\Tools\MSVC\14.31.31103\include\string(24): message : Siehe Deklaration von "std"
C:\Users\Junkyyy\Downloads\BloodHunt_External-main\BloodHunt_External-main\HackExternal\HackExternal\Mhyprot\win_utils.hpp(45,59): error C4430: Fehlender Typspezifizierer - int wird angenommen. Hinweis: "default-int" wird von C++ nicht unterstützt.
C:\Users\Junkyyy\Downloads\BloodHunt_External-main\BloodHunt_External-main\HackExternal\HackExternal\Mhyprot\win_utils.hpp(45,59): error C2146: Syntaxfehler: Fehlendes ")" vor Bezeichner "target_module_name"
C:\Users\Junkyyy\Downloads\BloodHunt_External-main\BloodHunt_External-main\HackExternal\HackExternal\Mhyprot\win_utils.hpp(45,59): error C3646: "target_module_name": Unbekannter Überschreibungsspezifizierer
C:\Users\Junkyyy\Downloads\BloodHunt_External-main\BloodHunt_External-main\HackExternal\HackExternal\Mhyprot\win_utils.hpp(45,79): error C2062: "bool"-Typ unerwartet
C:\Users\Junkyyy\Downloads\BloodHunt_External-main\BloodHunt_External-main\HackExternal\HackExternal\Mhyprot\win_utils.hpp(45,104): error C2059: Syntaxfehler: ")"
C:\Users\Junkyyy\Downloads\BloodHunt_External-main\BloodHunt_External-main\HackExternal\HackExternal\Mhyprot\service_utils.hpp(45,38): error C2039: "string_view" ist kein Member von "std".
C:\Program Files\Microsoft Visual Studio\2022\Community\VC\Tools\MSVC\14.31.31103\include\string(24): message : Siehe Deklaration von "std"
C:\Users\Junkyyy\Downloads\BloodHunt_External-main\BloodHunt_External-main\HackExternal\HackExternal\Mhyprot\service_utils.hpp(45,50): error C4430: Fehlender Typspezifizierer - int wird angenommen. Hinweis: "default-int" wird von C++ nicht unterstützt.
C:\Users\Junkyyy\Downloads\BloodHunt_External-main\BloodHunt_External-main\HackExternal\HackExternal\Mhyprot\service_utils.hpp(45,50): error C2146: Syntaxfehler: Fehlendes ")" vor Bezeichner "driver_path"
C:\Users\Junkyyy\Downloads\BloodHunt_External-main\BloodHunt_External-main\HackExternal\HackExternal\Mhyprot\service_utils.hpp(45,50): error C3646: "driver_path": Unbekannter Überschreibungsspezifizierer
C:\Users\Junkyyy\Downloads\BloodHunt_External-main\BloodHunt_External-main\HackExternal\HackExternal\Mhyprot\service_utils.hpp(45,61): error C2059: Syntaxfehler: ")"
C:\Users\Junkyyy\Downloads\BloodHunt_External-main\BloodHunt_External-main\HackExternal\HackExternal\Mhyprot\mhyprot.hpp(86,17): error C7525: Inlinevariablen erfordern mindestens "/std:c++17".
C:\Users\Junkyyy\Downloads\BloodHunt_External-main\BloodHunt_External-main\HackExternal\HackExternal\Mhyprot\mhyprot.hpp(87,19): error C7525: Inlinevariablen erfordern mindestens "/std:c++17".
C:\Users\Junkyyy\Downloads\BloodHunt_External-main\BloodHunt_External-main\HackExternal\HackExternal\Mhyprot\mhyprot.hpp(88,20): error C7525: Inlinevariablen erfordern mindestens "/std:c++17".
C:\Users\Junkyyy\Downloads\BloodHunt_External-main\BloodHunt_External-main\HackExternal\HackExternal\Mhyprot\readbase.hpp(10,1): warning C4005: "NT_SUCCESS": Makro-Neudefinition
C:\Users\Junkyyy\Downloads\BloodHunt_External-main\BloodHunt_External-main\HackExternal\HackExternal\Mhyprot\nt.hpp(34): message : Siehe vorherige Definition von "NT_SUCCESS"
C:\Program Files (x86)\Windows Kits\10\Include\10.0.19041.0\shared\ntstatus.h(66,1): warning C4005: "STATUS_WAIT_0": Makro-Neudefinition
C:\Program Files (x86)\Windows Kits\10\Include\10.0.19041.0\um\winnt.h(2510): message : Siehe vorherige Definition von "STATUS_WAIT_0"
C:\Program Files (x86)\Windows Kits\10\Include\10.0.19041.0\shared\ntstatus.h(222,1): warning C4005: "STATUS_ABANDONED_WAIT_0": Makro-Neudefinition
C:\Program Files (x86)\Windows Kits\10\Include\10.0.19041.0\um\winnt.h(2511): message : Siehe vorherige Definition von "STATUS_ABANDONED_WAIT_0"
C:\Program Files (x86)\Windows Kits\10\Include\10.0.19041.0\shared\ntstatus.h(245,1): warning C4005: "STATUS_USER_APC": Makro-Neudefinition
C:\Program Files (x86)\Windows Kits\10\Include\10.0.19041.0\um\winnt.h(2512): message : Siehe vorherige Definition von "STATUS_USER_APC"
C:\Program Files (x86)\Windows Kits\10\Include\10.0.19041.0\shared\ntstatus.h(281,1): warning C4005: "STATUS_TIMEOUT": Makro-Neudefinition
C:\Program Files (x86)\Windows Kits\10\Include\10.0.19041.0\um\winnt.h(2513): message : Siehe vorherige Definition von "STATUS_TIMEOUT"
C:\Program Files (x86)\Windows Kits\10\Include\10.0.19041.0\shared\ntstatus.h(290,1): warning C4005: "STATUS_PENDING": Makro-Neudefinition
C:\Program Files (x86)\Windows Kits\10\Include\10.0.19041.0\um\winnt.h(2514): message : Siehe vorherige Definition von "STATUS_PENDING"
C:\Program Files (x86)\Windows Kits\10\Include\10.0.19041.0\shared\ntstatus.h(737,1): warning C4005: "DBG_EXCEPTION_HANDLED": Makro-Neudefinition
C:\Program Files (x86)\Windows Kits\10\Include\10.0.19041.0\um\winnt.h(2515): message : Siehe vorherige Definition von "DBG_EXCEPTION_HANDLED"
C:\Program Files (x86)\Windows Kits\10\Include\10.0.19041.0\shared\ntstatus.h(746,1): warning C4005: "DBG_CONTINUE": Makro-Neudefinition
C:\Program Files (x86)\Windows Kits\10\Include\10.0.19041.0\um\winnt.h(2516): message : Siehe vorherige Definition von "DBG_CONTINUE"
C:\Program Files (x86)\Windows Kits\10\Include\10.0.19041.0\shared\ntstatus.h(821,1): warning C4005: "STATUS_SEGMENT_NOTIFICATION": Makro-Neudefinition
C:\Program Files (x86)\Windows Kits\10\Include\10.0.19041.0\um\winnt.h(2517): message : Siehe vorherige Definition von "STATUS_SEGMENT_NOTIFICATION"
C:\Program Files (x86)\Windows Kits\10\Include\10.0.19041.0\shared\ntstatus.h(984,1): warning C4005: "STATUS_FATAL_APP_EXIT": Makro-Neudefinition
C:\Program Files (x86)\Windows Kits\10\Include\10.0.19041.0\um\winnt.h(2518): message : Siehe vorherige Definition von "STATUS_FATAL_APP_EXIT"
C:\Program Files (x86)\Windows Kits\10\Include\10.0.19041.0\shared\ntstatus.h(1304,1): warning C4005: "DBG_REPLY_LATER": Makro-Neudefinition
C:\Program Files (x86)\Windows Kits\10\Include\10.0.19041.0\um\winnt.h(2519): message : Siehe vorherige Definition von "DBG_REPLY_LATER"
C:\Program Files (x86)\Windows Kits\10\Include\10.0.19041.0\shared\ntstatus.h(1322,1): warning C4005: "DBG_TERMINATE_THREAD": Makro-Neudefinition
C:\Program Files (x86)\Windows Kits\10\Include\10.0.19041.0\um\winnt.h(2520): message : Siehe vorherige Definition von "DBG_TERMINATE_THREAD"
C:\Program Files (x86)\Windows Kits\10\Include\10.0.19041.0\shared\ntstatus.h(1331,1): warning C4005: "DBG_TERMINATE_PROCESS": Makro-Neudefinition
C:\Program Files (x86)\Windows Kits\10\Include\10.0.19041.0\um\winnt.h(2521): message : Siehe vorherige Definition von "DBG_TERMINATE_PROCESS"
C:\Program Files (x86)\Windows Kits\10\Include\10.0.19041.0\shared\ntstatus.h(1340,1): warning C4005: "DBG_CONTROL_C": Makro-Neudefinition
C:\Program Files (x86)\Windows Kits\10\Include\10.0.19041.0\um\winnt.h(2522): message : Siehe vorherige Definition von "DBG_CONTROL_C"
C:\Program Files (x86)\Windows Kits\10\Include\10.0.19041.0\shared\ntstatus.h(1349,1): warning C4005: "DBG_PRINTEXCEPTION_C": Makro-Neudefinition
C:\Program Files (x86)\Windows Kits\10\Include\10.0.19041.0\um\winnt.h(2523): message : Siehe vorherige Definition von "DBG_PRINTEXCEPTION_C"
C:\Program Files (x86)\Windows Kits\10\Include\10.0.19041.0\shared\ntstatus.h(1358,1): warning C4005: "DBG_RIPEXCEPTION": Makro-Neudefinition
C:\Program Files (x86)\Windows Kits\10\Include\10.0.19041.0\um\winnt.h(2524): message : Siehe vorherige Definition von "DBG_RIPEXCEPTION"
C:\Program Files (x86)\Windows Kits\10\Include\10.0.19041.0\shared\ntstatus.h(1367,1): warning C4005: "DBG_CONTROL_BREAK": Makro-Neudefinition
C:\Program Files (x86)\Windows Kits\10\Include\10.0.19041.0\um\winnt.h(2525): message : Siehe vorherige Definition von "DBG_CONTROL_BREAK"
C:\Program Files (x86)\Windows Kits\10\Include\10.0.19041.0\shared\ntstatus.h(1376,1): warning C4005: "DBG_COMMAND_EXCEPTION": Makro-Neudefinition
C:\Program Files (x86)\Windows Kits\10\Include\10.0.19041.0\um\winnt.h(2526): message : Siehe vorherige Definition von "DBG_COMMAND_EXCEPTION"
C:\Program Files (x86)\Windows Kits\10\Include\10.0.19041.0\shared\ntstatus.h(1385,1): warning C4005: "DBG_PRINTEXCEPTION_WIDE_C": Makro-Neudefinition
C:\Program Files (x86)\Windows Kits\10\Include\10.0.19041.0\um\winnt.h(2527): message : Siehe vorherige Definition von "DBG_PRINTEXCEPTION_WIDE_C"
C:\Program Files (x86)\Windows Kits\10\Include\10.0.19041.0\shared\ntstatus.h(1417,1): warning C4005: "STATUS_GUARD_PAGE_VIOLATION": Makro-Neudefinition
C:\Program Files (x86)\Windows Kits\10\Include\10.0.19041.0\um\winnt.h(2528): message : Siehe vorherige Definition von "STATUS_GUARD_PAGE_VIOLATION"
C:\Program Files (x86)\Windows Kits\10\Include\10.0.19041.0\shared\ntstatus.h(1428,1): warning C4005: "STATUS_DATATYPE_MISALIGNMENT": Makro-Neudefinition
C:\Program Files (x86)\Windows Kits\10\Include\10.0.19041.0\um\winnt.h(2529): message : Siehe vorherige Definition von "STATUS_DATATYPE_MISALIGNMENT"
C:\Program Files (x86)\Windows Kits\10\Include\10.0.19041.0\shared\ntstatus.h(1439,1): warning C4005: "STATUS_BREAKPOINT": Makro-Neudefinition
C:\Program Files (x86)\Windows Kits\10\Include\10.0.19041.0\um\winnt.h(2530): message : Siehe vorherige Definition von "STATUS_BREAKPOINT"
C:\Program Files (x86)\Windows Kits\10\Include\10.0.19041.0\shared\ntstatus.h(1450,1): warning C4005: "STATUS_SINGLE_STEP": Makro-Neudefinition
C:\Program Files (x86)\Windows Kits\10\Include\10.0.19041.0\um\winnt.h(2531): message : Siehe vorherige Definition von "STATUS_SINGLE_STEP"
C:\Program Files (x86)\Windows Kits\10\Include\10.0.19041.0\shared\ntstatus.h(1753,1): warning C4005: "STATUS_LONGJUMP": Makro-Neudefinition
C:\Program Files (x86)\Windows Kits\10\Include\10.0.19041.0\um\winnt.h(2532): message : Siehe vorherige Definition von "STATUS_LONGJUMP"
C:\Program Files (x86)\Windows Kits\10\Include\10.0.19041.0\shared\ntstatus.h(1780,1): warning C4005: "STATUS_UNWIND_CONSOLIDATE": Makro-Neudefinition
C:\Program Files (x86)\Windows Kits\10\Include\10.0.19041.0\um\winnt.h(2533): message : Siehe vorherige Definition von "STATUS_UNWIND_CONSOLIDATE"
C:\Program Files (x86)\Windows Kits\10\Include\10.0.19041.0\shared\ntstatus.h(1884,1): warning C4005: "DBG_EXCEPTION_NOT_HANDLED": Makro-Neudefinition
C:\Program Files (x86)\Windows Kits\10\Include\10.0.19041.0\um\winnt.h(2534): message : Siehe vorherige Definition von "DBG_EXCEPTION_NOT_HANDLED"
C:\Program Files (x86)\Windows Kits\10\Include\10.0.19041.0\shared\ntstatus.h(2030,1): warning C4005: "STATUS_ACCESS_VIOLATION": Makro-Neudefinition
C:\Program Files (x86)\Windows Kits\10\Include\10.0.19041.0\um\winnt.h(2535): message : Siehe vorherige Definition von "STATUS_ACCESS_VIOLATION"
C:\Program Files (x86)\Windows Kits\10\Include\10.0.19041.0\shared\ntstatus.h(2039,1): warning C4005: "STATUS_IN_PAGE_ERROR": Makro-Neudefinition
C:\Program Files (x86)\Windows Kits\10\Include\10.0.19041.0\um\winnt.h(2536): message : Siehe vorherige Definition von "STATUS_IN_PAGE_ERROR"
C:\Program Files (x86)\Windows Kits\10\Include\10.0.19041.0\shared\ntstatus.h(2057,1): warning C4005: "STATUS_INVALID_HANDLE": Makro-Neudefinition
C:\Program Files (x86)\Windows Kits\10\Include\10.0.19041.0\um\winnt.h(2537): message : Siehe vorherige Definition von "STATUS_INVALID_HANDLE"
C:\Program Files (x86)\Windows Kits\10\Include\10.0.19041.0\shared\ntstatus.h(2102,1): warning C4005: "STATUS_INVALID_PARAMETER": Makro-Neudefinition
C:\Program Files (x86)\Windows Kits\10\Include\10.0.19041.0\um\winnt.h(2538): message : Siehe vorherige Definition von "STATUS_INVALID_PARAMETER"
C:\Program Files (x86)\Windows Kits\10\Include\10.0.19041.0\shared\ntstatus.h(2202,1): warning C4005: "STATUS_NO_MEMORY": Makro-Neudefinition
C:\Program Files (x86)\Windows Kits\10\Include\10.0.19041.0\um\winnt.h(2539): message : Siehe vorherige Definition von "STATUS_NO_MEMORY"
C:\Program Files (x86)\Windows Kits\10\Include\10.0.19041.0\shared\ntstatus.h(2259,1): warning C4005: "STATUS_ILLEGAL_INSTRUCTION": Makro-Neudefinition
C:\Program Files (x86)\Windows Kits\10\Include\10.0.19041.0\um\winnt.h(2540): message : Siehe vorherige Definition von "STATUS_ILLEGAL_INSTRUCTION"
C:\Program Files (x86)\Windows Kits\10\Include\10.0.19041.0\shared\ntstatus.h(2340,1): warning C4005: "STATUS_NONCONTINUABLE_EXCEPTION": Makro-Neudefinition
C:\Program Files (x86)\Windows Kits\10\Include\10.0.19041.0\um\winnt.h(2541): message : Siehe vorherige Definition von "STATUS_NONCONTINUABLE_EXCEPTION"
C:\Program Files (x86)\Windows Kits\10\Include\10.0.19041.0\shared\ntstatus.h(2349,1): warning C4005: "STATUS_INVALID_DISPOSITION": Makro-Neudefinition
C:\Program Files (x86)\Windows Kits\10\Include\10.0.19041.0\um\winnt.h(2542): message : Siehe vorherige Definition von "STATUS_INVALID_DISPOSITION"
C:\Program Files (x86)\Windows Kits\10\Include\10.0.19041.0\shared\ntstatus.h(3282,1): warning C4005: "STATUS_ARRAY_BOUNDS_EXCEEDED": Makro-Neudefinition
C:\Program Files (x86)\Windows Kits\10\Include\10.0.19041.0\um\winnt.h(2543): message : Siehe vorherige Definition von "STATUS_ARRAY_BOUNDS_EXCEEDED"
C:\Program Files (x86)\Windows Kits\10\Include\10.0.19041.0\shared\ntstatus.h(3292,1): warning C4005: "STATUS_FLOAT_DENORMAL_OPERAND": Makro-Neudefinition
C:\Program Files (x86)\Windows Kits\10\Include\10.0.19041.0\um\winnt.h(2544): message : Siehe vorherige Definition von "STATUS_FLOAT_DENORMAL_OPERAND"
C:\Program Files (x86)\Windows Kits\10\Include\10.0.19041.0\shared\ntstatus.h(3302,1): warning C4005: "STATUS_FLOAT_DIVIDE_BY_ZERO": Makro-Neudefinition
C:\Program Files (x86)\Windows Kits\10\Include\10.0.19041.0\um\winnt.h(2545): message : Siehe vorherige Definition von "STATUS_FLOAT_DIVIDE_BY_ZERO"
C:\Program Files (x86)\Windows Kits\10\Include\10.0.19041.0\shared\ntstatus.h(3312,1): warning C4005: "STATUS_FLOAT_INEXACT_RESULT": Makro-Neudefinition
C:\Program Files (x86)\Windows Kits\10\Include\10.0.19041.0\um\winnt.h(2546): message : Siehe vorherige Definition von "STATUS_FLOAT_INEXACT_RESULT"
C:\Program Files (x86)\Windows Kits\10\Include\10.0.19041.0\shared\ntstatus.h(3322,1): warning C4005: "STATUS_FLOAT_INVALID_OPERATION": Makro-Neudefinition
C:\Program Files (x86)\Windows Kits\10\Include\10.0.19041.0\um\winnt.h(2547): message : Siehe vorherige Definition von "STATUS_FLOAT_INVALID_OPERATION"
C:\Program Files (x86)\Windows Kits\10\Include\10.0.19041.0\shared\ntstatus.h(3332,1): warning C4005: "STATUS_FLOAT_OVERFLOW": Makro-Neudefinition
C:\Program Files (x86)\Windows Kits\10\Include\10.0.19041.0\um\winnt.h(2548): message : Siehe vorherige Definition von "STATUS_FLOAT_OVERFLOW"
C:\Program Files (x86)\Windows Kits\10\Include\10.0.19041.0\shared\ntstatus.h(3342,1): warning C4005: "STATUS_FLOAT_STACK_CHECK": Makro-Neudefinition
C:\Program Files (x86)\Windows Kits\10\Include\10.0.19041.0\um\winnt.h(2549): message : Siehe vorherige Definition von "STATUS_FLOAT_STACK_CHECK"
C:\Program Files (x86)\Windows Kits\10\Include\10.0.19041.0\shared\ntstatus.h(3352,1): warning C4005: "STATUS_FLOAT_UNDERFLOW": Makro-Neudefinition
C:\Program Files (x86)\Windows Kits\10\Include\10.0.19041.0\um\winnt.h(2550): message : Siehe vorherige Definition von "STATUS_FLOAT_UNDERFLOW"
C:\Program Files (x86)\Windows Kits\10\Include\10.0.19041.0\shared\ntstatus.h(3362,1): warning C4005: "STATUS_INTEGER_DIVIDE_BY_ZERO": Makro-Neudefinition
C:\Program Files (x86)\Windows Kits\10\Include\10.0.19041.0\um\winnt.h(2551): message : Siehe vorherige Definition von "STATUS_INTEGER_DIVIDE_BY_ZERO"
C:\Program Files (x86)\Windows Kits\10\Include\10.0.19041.0\shared\ntstatus.h(3372,1): warning C4005: "STATUS_INTEGER_OVERFLOW": Makro-Neudefinition
C:\Program Files (x86)\Windows Kits\10\Include\10.0.19041.0\um\winnt.h(2552): message : Siehe vorherige Definition von "STATUS_INTEGER_OVERFLOW"
C:\Program Files (x86)\Windows Kits\10\Include\10.0.19041.0\shared\ntstatus.h(3382,1): warning C4005: "STATUS_PRIVILEGED_INSTRUCTION": Makro-Neudefinition
C:\Program Files (x86)\Windows Kits\10\Include\10.0.19041.0\um\winnt.h(2553): message : Siehe vorherige Definition von "STATUS_PRIVILEGED_INSTRUCTION"
C:\Program Files (x86)\Windows Kits\10\Include\10.0.19041.0\shared\ntstatus.h(4328,1): warning C4005: "STATUS_STACK_OVERFLOW": Makro-Neudefinition
C:\Program Files (x86)\Windows Kits\10\Include\10.0.19041.0\um\winnt.h(2554): message : Siehe vorherige Definition von "STATUS_STACK_OVERFLOW"
C:\Program Files (x86)\Windows Kits\10\Include\10.0.19041.0\shared\ntstatus.h(4845,1): warning C4005: "STATUS_DLL_NOT_FOUND": Makro-Neudefinition
C:\Program Files (x86)\Windows Kits\10\Include\10.0.19041.0\um\winnt.h(2555): message : Siehe vorherige Definition von "STATUS_DLL_NOT_FOUND"
C:\Program Files (x86)\Windows Kits\10\Include\10.0.19041.0\shared\ntstatus.h(4874,1): warning C4005: "STATUS_ORDINAL_NOT_FOUND": Makro-Neudefinition
C:\Program Files (x86)\Windows Kits\10\Include\10.0.19041.0\um\winnt.h(2556): message : Siehe vorherige Definition von "STATUS_ORDINAL_NOT_FOUND"
C:\Program Files (x86)\Windows Kits\10\Include\10.0.19041.0\shared\ntstatus.h(4884,1): warning C4005: "STATUS_ENTRYPOINT_NOT_FOUND": Makro-Neudefinition
C:\Program Files (x86)\Windows Kits\10\Include\10.0.19041.0\um\winnt.h(2557): message : Siehe vorherige Definition von "STATUS_ENTRYPOINT_NOT_FOUND"
C:\Program Files (x86)\Windows Kits\10\Include\10.0.19041.0\shared\ntstatus.h(4894,1): warning C4005: "STATUS_CONTROL_C_EXIT": Makro-Neudefinition
C:\Program Files (x86)\Windows Kits\10\Include\10.0.19041.0\um\winnt.h(2558): message : Siehe vorherige Definition von "STATUS_CONTROL_C_EXIT"
C:\Program Files (x86)\Windows Kits\10\Include\10.0.19041.0\shared\ntstatus.h(4972,1): warning C4005: "STATUS_DLL_INIT_FAILED": Makro-Neudefinition
C:\Program Files (x86)\Windows Kits\10\Include\10.0.19041.0\um\winnt.h(2559): message : Siehe vorherige Definition von "STATUS_DLL_INIT_FAILED"
C:\Program Files (x86)\Windows Kits\10\Include\10.0.19041.0\shared\ntstatus.h(5969,1): warning C4005: "STATUS_CONTROL_STACK_VIOLATION": Makro-Neudefinition
C:\Program Files (x86)\Windows Kits\10\Include\10.0.19041.0\um\winnt.h(2560): message : Siehe vorherige Definition von "STATUS_CONTROL_STACK_VIOLATION"
C:\Program Files (x86)\Windows Kits\10\Include\10.0.19041.0\shared\ntstatus.h(7527,1): warning C4005: "STATUS_FLOAT_MULTIPLE_FAULTS": Makro-Neudefinition
C:\Program Files (x86)\Windows Kits\10\Include\10.0.19041.0\um\winnt.h(2561): message : Siehe vorherige Definition von "STATUS_FLOAT_MULTIPLE_FAULTS"
C:\Program Files (x86)\Windows Kits\10\Include\10.0.19041.0\shared\ntstatus.h(7537,1): warning C4005: "STATUS_FLOAT_MULTIPLE_TRAPS": Makro-Neudefinition
C:\Program Files (x86)\Windows Kits\10\Include\10.0.19041.0\um\winnt.h(2562): message : Siehe vorherige Definition von "STATUS_FLOAT_MULTIPLE_TRAPS"
C:\Program Files (x86)\Windows Kits\10\Include\10.0.19041.0\shared\ntstatus.h(7669,1): warning C4005: "STATUS_REG_NAT_CONSUMPTION": Makro-Neudefinition
C:\Program Files (x86)\Windows Kits\10\Include\10.0.19041.0\um\winnt.h(2563): message : Siehe vorherige Definition von "STATUS_REG_NAT_CONSUMPTION"
C:\Program Files (x86)\Windows Kits\10\Include\10.0.19041.0\shared\ntstatus.h(8652,1): warning C4005: "STATUS_HEAP_CORRUPTION": Makro-Neudefinition
C:\Program Files (x86)\Windows Kits\10\Include\10.0.19041.0\um\winnt.h(2564): message : Siehe vorherige Definition von "STATUS_HEAP_CORRUPTION"
C:\Program Files (x86)\Windows Kits\10\Include\10.0.19041.0\shared\ntstatus.h(8880,1): warning C4005: "STATUS_STACK_BUFFER_OVERRUN": Makro-Neudefinition
C:\Program Files (x86)\Windows Kits\10\Include\10.0.19041.0\um\winnt.h(2565): message : Siehe vorherige Definition von "STATUS_STACK_BUFFER_OVERRUN"
C:\Program Files (x86)\Windows Kits\10\Include\10.0.19041.0\shared\ntstatus.h(9007,1): warning C4005: "STATUS_INVALID_CRUNTIME_PARAMETER": Makro-Neudefinition
C:\Program Files (x86)\Windows Kits\10\Include\10.0.19041.0\um\winnt.h(2566): message : Siehe vorherige Definition von "STATUS_INVALID_CRUNTIME_PARAMETER"
C:\Program Files (x86)\Windows Kits\10\Include\10.0.19041.0\shared\ntstatus.h(9070,1): warning C4005: "STATUS_ASSERTION_FAILURE": Makro-Neudefinition
C:\Program Files (x86)\Windows Kits\10\Include\10.0.19041.0\um\winnt.h(2567): message : Siehe vorherige Definition von "STATUS_ASSERTION_FAILURE"
C:\Program Files (x86)\Windows Kits\10\Include\10.0.19041.0\shared\ntstatus.h(9988,1): warning C4005: "STATUS_ENCLAVE_VIOLATION": Makro-Neudefinition
C:\Program Files (x86)\Windows Kits\10\Include\10.0.19041.0\um\winnt.h(2568): message : Siehe vorherige Definition von "STATUS_ENCLAVE_VIOLATION"
C:\Program Files (x86)\Windows Kits\10\Include\10.0.19041.0\shared\ntstatus.h(10415,1): warning C4005: "STATUS_INTERRUPTED": Makro-Neudefinition
C:\Program Files (x86)\Windows Kits\10\Include\10.0.19041.0\um\winnt.h(2569): message : Siehe vorherige Definition von "STATUS_INTERRUPTED"
C:\Program Files (x86)\Windows Kits\10\Include\10.0.19041.0\shared\ntstatus.h(10424,1): warning C4005: "STATUS_THREAD_NOT_RUNNING": Makro-Neudefinition
C:\Program Files (x86)\Windows Kits\10\Include\10.0.19041.0\um\winnt.h(2570): message : Siehe vorherige Definition von "STATUS_THREAD_NOT_RUNNING"
C:\Program Files (x86)\Windows Kits\10\Include\10.0.19041.0\shared\ntstatus.h(10718,1): warning C4005: "STATUS_ALREADY_REGISTERED": Makro-Neudefinition
C:\Program Files (x86)\Windows Kits\10\Include\10.0.19041.0\um\winnt.h(2571): message : Siehe vorherige Definition von "STATUS_ALREADY_REGISTERED"
C:\Program Files (x86)\Windows Kits\10\Include\10.0.19041.0\shared\ntstatus.h(14352,1): warning C4005: "STATUS_SXS_EARLY_DEACTIVATION": Makro-Neudefinition
C:\Program Files (x86)\Windows Kits\10\Include\10.0.19041.0\um\winnt.h(2573): message : Siehe vorherige Definition von "STATUS_SXS_EARLY_DEACTIVATION"
C:\Program Files (x86)\Windows Kits\10\Include\10.0.19041.0\shared\ntstatus.h(14361,1): warning C4005: "STATUS_SXS_INVALID_DEACTIVATION": Makro-Neudefinition
C:\Program Files (x86)\Windows Kits\10\Include\10.0.19041.0\um\winnt.h(2574): message : Siehe vorherige Definition von "STATUS_SXS_INVALID_DEACTIVATION"
C:\Users\Junkyyy\Downloads\BloodHunt_External-main\BloodHunt_External-main\HackExternal\HackExternal\Mhyprot\readbase.hpp(106,33): warning C4200: Nicht dem Standard entsprechende Erweiterung: Null-Array in Struktur/Union
C:\Users\Junkyyy\Downloads\BloodHunt_External-main\BloodHunt_External-main\HackExternal\HackExternal\Mhyprot\readbase.hpp(106,33): message : Dieser Member wird vom Standardkonstruktor oder Zuweisungsoperator für Kopieren/Verschieben ignoriert.
C:\Users\Junkyyy\Downloads\BloodHunt_External-main\BloodHunt_External-main\HackExternal\HackExternal\Mhyprot\readbase.hpp(122,16): warning C4200: Nicht dem Standard entsprechende Erweiterung: Null-Array in Struktur/Union
C:\Users\Junkyyy\Downloads\BloodHunt_External-main\BloodHunt_External-main\HackExternal\HackExternal\Mhyprot\readbase.hpp(122,16): message : Dieser Member wird vom Standardkonstruktor oder Zuweisungsoperator für Kopieren/Verschieben ignoriert.
C:\Users\Junkyyy\Downloads\BloodHunt_External-main\BloodHunt_External-main\HackExternal\HackExternal\Mhyprot\baseadress.cpp(228,10): warning C4476: "printf": Unbekanntes Typfeldzeichen "/" im Formatbezeichner.
C:\Users\Junkyyy\Downloads\BloodHunt_External-main\BloodHunt_External-main\HackExternal\HackExternal\Mhyprot\baseadress.cpp(228,10): warning C4476: "printf": Unbekanntes Typfeldzeichen "P" im Formatbezeichner.
C:\Users\Junkyyy\Downloads\BloodHunt_External-main\BloodHunt_External-main\HackExternal\HackExternal\Mhyprot\baseadress.cpp(228,10): warning C4476: "printf": Unbekanntes Typfeldzeichen "(" im Formatbezeichner.
C:\Users\Junkyyy\Downloads\BloodHunt_External-main\BloodHunt_External-main\HackExternal\HackExternal\Mhyprot\baseadress.cpp(228,10): warning C4476: "printf": Unbekanntes Typfeldzeichen ")" im Formatbezeichner.
C:\Users\Junkyyy\Downloads\BloodHunt_External-main\BloodHunt_External-main\HackExternal\HackExternal\Mhyprot\baseadress.cpp(263,6): error C2664: "int strcmp(const char *,const char *)" : Konvertierung von Argument 1 von "WCHAR [260]" in "const char *" nicht möglich
C:\Users\Junkyyy\Downloads\BloodHunt_External-main\BloodHunt_External-main\HackExternal\HackExternal\Mhyprot\baseadress.cpp(263,26): message : Die Typen, auf die verwiesen wird, sind unabhängig; die Konvertierung erfordert eine reinterpret_cast-Umwandlung, eine C-Stil-Umwandlung oder eine in Klammern gesetzte Umwandlung im Funktionsstil.
C:\Program Files (x86)\Windows Kits\10\Include\10.0.19041.0\ucrt\string.h(100,13): message : Siehe Deklaration von "strcmp"
  file_utils.cpp
C:\Users\Junkyyy\Downloads\BloodHunt_External-main\BloodHunt_External-main\HackExternal\HackExternal\Mhyprot\file_utils.hpp(33,42): error C2039: "string_view" ist kein Member von "std".
C:\Program Files\Microsoft Visual Studio\2022\Community\VC\Tools\MSVC\14.31.31103\include\fstream(26): message : Siehe Deklaration von "std"
C:\Users\Junkyyy\Downloads\BloodHunt_External-main\BloodHunt_External-main\HackExternal\HackExternal\Mhyprot\file_utils.hpp(33,54): error C4430: Fehlender Typspezifizierer - int wird angenommen. Hinweis: "default-int" wird von C++ nicht unterstützt.
C:\Users\Junkyyy\Downloads\BloodHunt_External-main\BloodHunt_External-main\HackExternal\HackExternal\Mhyprot\file_utils.hpp(33,54): error C2146: Syntaxfehler: Fehlendes ")" vor Bezeichner "file_path"
C:\Users\Junkyyy\Downloads\BloodHunt_External-main\BloodHunt_External-main\HackExternal\HackExternal\Mhyprot\file_utils.hpp(33,54): error C3646: "file_path": Unbekannter Überschreibungsspezifizierer
C:\Users\Junkyyy\Downloads\BloodHunt_External-main\BloodHunt_External-main\HackExternal\HackExternal\Mhyprot\file_utils.hpp(33,65): error C2062: "void"-Typ unerwartet
C:\Users\Junkyyy\Downloads\BloodHunt_External-main\BloodHunt_External-main\HackExternal\HackExternal\Mhyprot\file_utils.hpp(33,90): error C2059: Syntaxfehler: ")"
C:\Users\Junkyyy\Downloads\BloodHunt_External-main\BloodHunt_External-main\HackExternal\HackExternal\Mhyprot\file_utils.cpp(32,13): error C2039: "string_view" ist kein Member von "std".
C:\Program Files\Microsoft Visual Studio\2022\Community\VC\Tools\MSVC\14.31.31103\include\fstream(26): message : Siehe Deklaration von "std"
C:\Users\Junkyyy\Downloads\BloodHunt_External-main\BloodHunt_External-main\HackExternal\HackExternal\Mhyprot\file_utils.cpp(32,25): error C4430: Fehlender Typspezifizierer - int wird angenommen. Hinweis: "default-int" wird von C++ nicht unterstützt.
C:\Users\Junkyyy\Downloads\BloodHunt_External-main\BloodHunt_External-main\HackExternal\HackExternal\Mhyprot\file_utils.cpp(32,25): error C2146: Syntaxfehler: Fehlendes ")" vor Bezeichner "file_path"
C:\Users\Junkyyy\Downloads\BloodHunt_External-main\BloodHunt_External-main\HackExternal\HackExternal\Mhyprot\file_utils.cpp(32,25): error C3646: "file_path": Unbekannter Überschreibungsspezifizierer
C:\Users\Junkyyy\Downloads\BloodHunt_External-main\BloodHunt_External-main\HackExternal\HackExternal\Mhyprot\file_utils.cpp(32,36): error C2062: "void"-Typ unerwartet
C:\Users\Junkyyy\Downloads\BloodHunt_External-main\BloodHunt_External-main\HackExternal\HackExternal\Mhyprot\file_utils.cpp(33,1): error C2059: Syntaxfehler: ")"
C:\Users\Junkyyy\Downloads\BloodHunt_External-main\BloodHunt_External-main\HackExternal\HackExternal\Mhyprot\file_utils.cpp(34,1): error C2143: Syntaxfehler: Es fehlt ";" vor "{"
C:\Users\Junkyyy\Downloads\BloodHunt_External-main\BloodHunt_External-main\HackExternal\HackExternal\Mhyprot\file_utils.cpp(34,1): error C2447: "{": Funktionsheader fehlt - Parameterliste im alten Stil?
  mhyprot.cpp
  The contents of <filesystem> are available only with C++17 or later.
C:\Users\Junkyyy\Downloads\BloodHunt_External-main\BloodHunt_External-main\HackExternal\HackExternal\Mhyprot\file_utils.hpp(33,42): error C2039: "string_view" ist kein Member von "std".
C:\Program Files\Microsoft Visual Studio\2022\Community\VC\Tools\MSVC\14.31.31103\include\string(24): message : Siehe Deklaration von "std"
C:\Users\Junkyyy\Downloads\BloodHunt_External-main\BloodHunt_External-main\HackExternal\HackExternal\Mhyprot\file_utils.hpp(33,54): error C4430: Fehlender Typspezifizierer - int wird angenommen. Hinweis: "default-int" wird von C++ nicht unterstützt.
C:\Users\Junkyyy\Downloads\BloodHunt_External-main\BloodHunt_External-main\HackExternal\HackExternal\Mhyprot\file_utils.hpp(33,54): error C2146: Syntaxfehler: Fehlendes ")" vor Bezeichner "file_path"
C:\Users\Junkyyy\Downloads\BloodHunt_External-main\BloodHunt_External-main\HackExternal\HackExternal\Mhyprot\file_utils.hpp(33,54): error C3646: "file_path": Unbekannter Überschreibungsspezifizierer
C:\Users\Junkyyy\Downloads\BloodHunt_External-main\BloodHunt_External-main\HackExternal\HackExternal\Mhyprot\file_utils.hpp(33,65): error C2062: "void"-Typ unerwartet
C:\Users\Junkyyy\Downloads\BloodHunt_External-main\BloodHunt_External-main\HackExternal\HackExternal\Mhyprot\file_utils.hpp(33,90): error C2059: Syntaxfehler: ")"
C:\Users\Junkyyy\Downloads\BloodHunt_External-main\BloodHunt_External-main\HackExternal\HackExternal\Mhyprot\win_utils.hpp(42,38): error C2039: "string_view" ist kein Member von "std".
C:\Program Files\Microsoft Visual Studio\2022\Community\VC\Tools\MSVC\14.31.31103\include\string(24): message : Siehe Deklaration von "std"
C:\Users\Junkyyy\Downloads\BloodHunt_External-main\BloodHunt_External-main\HackExternal\HackExternal\Mhyprot\win_utils.hpp(42,50): error C4430: Fehlender Typspezifizierer - int wird angenommen. Hinweis: "default-int" wird von C++ nicht unterstützt.
C:\Users\Junkyyy\Downloads\BloodHunt_External-main\BloodHunt_External-main\HackExternal\HackExternal\Mhyprot\win_utils.hpp(42,50): error C2146: Syntaxfehler: Fehlendes ")" vor Bezeichner "process_name"
C:\Users\Junkyyy\Downloads\BloodHunt_External-main\BloodHunt_External-main\HackExternal\HackExternal\Mhyprot\win_utils.hpp(42,50): error C3646: "process_name": Unbekannter Überschreibungsspezifizierer
C:\Users\Junkyyy\Downloads\BloodHunt_External-main\BloodHunt_External-main\HackExternal\HackExternal\Mhyprot\win_utils.hpp(42,62): error C2059: Syntaxfehler: ")"
C:\Users\Junkyyy\Downloads\BloodHunt_External-main\BloodHunt_External-main\HackExternal\HackExternal\Mhyprot\win_utils.hpp(45,47): error C2039: "string_view" ist kein Member von "std".
C:\Program Files\Microsoft Visual Studio\2022\Community\VC\Tools\MSVC\14.31.31103\include\string(24): message : Siehe Deklaration von "std"
C:\Users\Junkyyy\Downloads\BloodHunt_External-main\BloodHunt_External-main\HackExternal\HackExternal\Mhyprot\win_utils.hpp(45,59): error C4430: Fehlender Typspezifizierer - int wird angenommen. Hinweis: "default-int" wird von C++ nicht unterstützt.
C:\Users\Junkyyy\Downloads\BloodHunt_External-main\BloodHunt_External-main\HackExternal\HackExternal\Mhyprot\win_utils.hpp(45,59): error C2146: Syntaxfehler: Fehlendes ")" vor Bezeichner "target_module_name"
C:\Users\Junkyyy\Downloads\BloodHunt_External-main\BloodHunt_External-main\HackExternal\HackExternal\Mhyprot\win_utils.hpp(45,59): error C3646: "target_module_name": Unbekannter Überschreibungsspezifizierer
C:\Users\Junkyyy\Downloads\BloodHunt_External-main\BloodHunt_External-main\HackExternal\HackExternal\Mhyprot\win_utils.hpp(45,79): error C2062: "bool"-Typ unerwartet
C:\Users\Junkyyy\Downloads\BloodHunt_External-main\BloodHunt_External-main\HackExternal\HackExternal\Mhyprot\win_utils.hpp(45,104): error C2059: Syntaxfehler: ")"
C:\Users\Junkyyy\Downloads\BloodHunt_External-main\BloodHunt_External-main\HackExternal\HackExternal\Mhyprot\service_utils.hpp(45,38): error C2039: "string_view" ist kein Member von "std".
C:\Program Files\Microsoft Visual Studio\2022\Community\VC\Tools\MSVC\14.31.31103\include\string(24): message : Siehe Deklaration von "std"
C:\Users\Junkyyy\Downloads\BloodHunt_External-main\BloodHunt_External-main\HackExternal\HackExternal\Mhyprot\service_utils.hpp(45,50): error C4430: Fehlender Typspezifizierer - int wird angenommen. Hinweis: "default-int" wird von C++ nicht unterstützt.
C:\Users\Junkyyy\Downloads\BloodHunt_External-main\BloodHunt_External-main\HackExternal\HackExternal\Mhyprot\service_utils.hpp(45,50): error C2146: Syntaxfehler: Fehlendes ")" vor Bezeichner "driver_path"
C:\Users\Junkyyy\Downloads\BloodHunt_External-main\BloodHunt_External-main\HackExternal\HackExternal\Mhyprot\service_utils.hpp(45,50): error C3646: "driver_path": Unbekannter Überschreibungsspezifizierer
C:\Users\Junkyyy\Downloads\BloodHunt_External-main\BloodHunt_External-main\HackExternal\HackExternal\Mhyprot\service_utils.hpp(45,61): error C2059: Syntaxfehler: ")"
C:\Users\Junkyyy\Downloads\BloodHunt_External-main\BloodHunt_External-main\HackExternal\HackExternal\Mhyprot\mhyprot.hpp(86,17): error C7525: Inlinevariablen erfordern mindestens "/std:c++17".
C:\Users\Junkyyy\Downloads\BloodHunt_External-main\BloodHunt_External-main\HackExternal\HackExternal\Mhyprot\mhyprot.hpp(87,19): error C7525: Inlinevariablen erfordern mindestens "/std:c++17".
C:\Users\Junkyyy\Downloads\BloodHunt_External-main\BloodHunt_External-main\HackExternal\HackExternal\Mhyprot\mhyprot.hpp(88,20): error C7525: Inlinevariablen erfordern mindestens "/std:c++17".
C:\Users\Junkyyy\Downloads\BloodHunt_External-main\BloodHunt_External-main\HackExternal\HackExternal\Mhyprot\mhyprot.cpp(36,69): error C2664: "DWORD GetTempPathW(DWORD,LPWSTR)" : Konvertierung von Argument 2 von "char [260]" in "LPWSTR" nicht möglich
C:\Users\Junkyyy\Downloads\BloodHunt_External-main\BloodHunt_External-main\HackExternal\HackExternal\Mhyprot\mhyprot.cpp(36,60): message : Die Typen, auf die verwiesen wird, sind unabhängig; die Konvertierung erfordert eine reinterpret_cast-Umwandlung, eine C-Stil-Umwandlung oder eine in Klammern gesetzte Umwandlung im Funktionsstil.
C:\Program Files (x86)\Windows Kits\10\Include\10.0.19041.0\um\fileapi.h(1222,1): message : Siehe Deklaration von "GetTempPathW"
C:\Users\Junkyyy\Downloads\BloodHunt_External-main\BloodHunt_External-main\HackExternal\HackExternal\Mhyprot\mhyprot.cpp(36,20): error C2737: "length": Das Objekt "const" muss initialisiert werden.
C:\Users\Junkyyy\Downloads\BloodHunt_External-main\BloodHunt_External-main\HackExternal\HackExternal\Mhyprot\mhyprot.cpp(49,14): error C3083: "filesystem": Das Symbol links neben "::" muss ein Typ sein.
C:\Users\Junkyyy\Downloads\BloodHunt_External-main\BloodHunt_External-main\HackExternal\HackExternal\Mhyprot\mhyprot.cpp(49,26): error C2039: "exists" ist kein Member von "std".
C:\Program Files\Microsoft Visual Studio\2022\Community\VC\Tools\MSVC\14.31.31103\include\string(24): message : Siehe Deklaration von "std"
C:\Users\Junkyyy\Downloads\BloodHunt_External-main\BloodHunt_External-main\HackExternal\HackExternal\Mhyprot\mhyprot.cpp(49,8): error C3861: "exists": Bezeichner wurde nicht gefunden.
C:\Users\Junkyyy\Downloads\BloodHunt_External-main\BloodHunt_External-main\HackExternal\HackExternal\Mhyprot\mhyprot.cpp(57,22): error C2660: "file_utils::create_file_from_buffer": Funktion akzeptiert keine 3 Argumente
C:\Users\Junkyyy\Downloads\BloodHunt_External-main\BloodHunt_External-main\HackExternal\HackExternal\Mhyprot\file_utils.hpp(33,7): message : Siehe Deklaration von "file_utils::create_file_from_buffer"
C:\Users\Junkyyy\Downloads\BloodHunt_External-main\BloodHunt_External-main\HackExternal\HackExternal\Mhyprot\mhyprot.cpp(72,82): error C2664: "SC_HANDLE service_utils::create_service(const int)" : Konvertierung von Argument 1 von "const std::string" in "const int" nicht möglich
C:\Users\Junkyyy\Downloads\BloodHunt_External-main\BloodHunt_External-main\HackExternal\HackExternal\Mhyprot\mhyprot.cpp(72,68): message : Kein benutzerdefinierter Konvertierungsoperator verfügbar, der diese Konvertierung durchführen kann, oder der Operator kann nicht aufgerufen werden
C:\Users\Junkyyy\Downloads\BloodHunt_External-main\BloodHunt_External-main\HackExternal\HackExternal\Mhyprot\service_utils.hpp(45,12): message : Siehe Deklaration von "service_utils::create_service"
C:\Users\Junkyyy\Downloads\BloodHunt_External-main\BloodHunt_External-main\HackExternal\HackExternal\Mhyprot\mhyprot.cpp(196,68): error C2660: "win_utils::obtain_sysmodule_address": Funktion akzeptiert keine 2 Argumente
C:\Users\Junkyyy\Downloads\BloodHunt_External-main\BloodHunt_External-main\HackExternal\HackExternal\Mhyprot\win_utils.hpp(45,11): message : Siehe Deklaration von "win_utils::obtain_sysmodule_address"
C:\Users\Junkyyy\Downloads\BloodHunt_External-main\BloodHunt_External-main\HackExternal\HackExternal\Mhyprot\mhyprot.cpp(293,46): warning C4267: "Initialisierung": Konvertierung von "size_t" nach "DWORD", Datenverlust möglich
C:\Users\Junkyyy\Downloads\BloodHunt_External-main\BloodHunt_External-main\HackExternal\HackExternal\Mhyprot\mhyprot.cpp(302,25): warning C4267: "=": Konvertierung von "size_t" nach "ULONG", Datenverlust möglich
C:\Users\Junkyyy\Downloads\BloodHunt_External-main\BloodHunt_External-main\HackExternal\HackExternal\Mhyprot\mhyprot.cpp(331,24): warning C4267: "=": Konvertierung von "size_t" nach "ULONG", Datenverlust möglich
C:\Users\Junkyyy\Downloads\BloodHunt_External-main\BloodHunt_External-main\HackExternal\HackExternal\Mhyprot\mhyprot.cpp(355,24): warning C4267: "=": Konvertierung von "size_t" nach "ULONG", Datenverlust möglich
  service_utils.cpp
C:\Users\Junkyyy\Downloads\BloodHunt_External-main\BloodHunt_External-main\HackExternal\HackExternal\Mhyprot\win_utils.hpp(42,38): error C2039: "string_view" ist kein Member von "std".
C:\Program Files\Microsoft Visual Studio\2022\Community\VC\Tools\MSVC\14.31.31103\include\iostream(19): message : Siehe Deklaration von "std"
C:\Users\Junkyyy\Downloads\BloodHunt_External-main\BloodHunt_External-main\HackExternal\HackExternal\Mhyprot\win_utils.hpp(42,50): error C4430: Fehlender Typspezifizierer - int wird angenommen. Hinweis: "default-int" wird von C++ nicht unterstützt.
C:\Users\Junkyyy\Downloads\BloodHunt_External-main\BloodHunt_External-main\HackExternal\HackExternal\Mhyprot\win_utils.hpp(42,50): error C2146: Syntaxfehler: Fehlendes ")" vor Bezeichner "process_name"
C:\Users\Junkyyy\Downloads\BloodHunt_External-main\BloodHunt_External-main\HackExternal\HackExternal\Mhyprot\win_utils.hpp(42,50): error C3646: "process_name": Unbekannter Überschreibungsspezifizierer
C:\Users\Junkyyy\Downloads\BloodHunt_External-main\BloodHunt_External-main\HackExternal\HackExternal\Mhyprot\win_utils.hpp(42,62): error C2059: Syntaxfehler: ")"
C:\Users\Junkyyy\Downloads\BloodHunt_External-main\BloodHunt_External-main\HackExternal\HackExternal\Mhyprot\win_utils.hpp(45,47): error C2039: "string_view" ist kein Member von "std".
C:\Program Files\Microsoft Visual Studio\2022\Community\VC\Tools\MSVC\14.31.31103\include\iostream(19): message : Siehe Deklaration von "std"
C:\Users\Junkyyy\Downloads\BloodHunt_External-main\BloodHunt_External-main\HackExternal\HackExternal\Mhyprot\win_utils.hpp(45,59): error C4430: Fehlender Typspezifizierer - int wird angenommen. Hinweis: "default-int" wird von C++ nicht unterstützt.
C:\Users\Junkyyy\Downloads\BloodHunt_External-main\BloodHunt_External-main\HackExternal\HackExternal\Mhyprot\win_utils.hpp(45,59): error C2146: Syntaxfehler: Fehlendes ")" vor Bezeichner "target_module_name"
C:\Users\Junkyyy\Downloads\BloodHunt_External-main\BloodHunt_External-main\HackExternal\HackExternal\Mhyprot\win_utils.hpp(45,59): error C3646: "target_module_name": Unbekannter Überschreibungsspezifizierer
C:\Users\Junkyyy\Downloads\BloodHunt_External-main\BloodHunt_External-main\HackExternal\HackExternal\Mhyprot\win_utils.hpp(45,79): error C2062: "bool"-Typ unerwartet
C:\Users\Junkyyy\Downloads\BloodHunt_External-main\BloodHunt_External-main\HackExternal\HackExternal\Mhyprot\win_utils.hpp(45,104): error C2059: Syntaxfehler: ")"
  The contents of <filesystem> are available only with C++17 or later.
C:\Users\Junkyyy\Downloads\BloodHunt_External-main\BloodHunt_External-main\HackExternal\HackExternal\Mhyprot\file_utils.hpp(33,42): error C2039: "string_view" ist kein Member von "std".
C:\Program Files\Microsoft Visual Studio\2022\Community\VC\Tools\MSVC\14.31.31103\include\fstream(26): message : Siehe Deklaration von "std"
C:\Users\Junkyyy\Downloads\BloodHunt_External-main\BloodHunt_External-main\HackExternal\HackExternal\Mhyprot\file_utils.hpp(33,54): error C4430: Fehlender Typspezifizierer - int wird angenommen. Hinweis: "default-int" wird von C++ nicht unterstützt.
C:\Users\Junkyyy\Downloads\BloodHunt_External-main\BloodHunt_External-main\HackExternal\HackExternal\Mhyprot\file_utils.hpp(33,54): error C2146: Syntaxfehler: Fehlendes ")" vor Bezeichner "file_path"
C:\Users\Junkyyy\Downloads\BloodHunt_External-main\BloodHunt_External-main\HackExternal\HackExternal\Mhyprot\file_utils.hpp(33,54): error C3646: "file_path": Unbekannter Überschreibungsspezifizierer
C:\Users\Junkyyy\Downloads\BloodHunt_External-main\BloodHunt_External-main\HackExternal\HackExternal\Mhyprot\file_utils.hpp(33,65): error C2062: "void"-Typ unerwartet
C:\Users\Junkyyy\Downloads\BloodHunt_External-main\BloodHunt_External-main\HackExternal\HackExternal\Mhyprot\file_utils.hpp(33,90): error C2059: Syntaxfehler: ")"
C:\Users\Junkyyy\Downloads\BloodHunt_External-main\BloodHunt_External-main\HackExternal\HackExternal\Mhyprot\mhyprot.hpp(86,17): error C7525: Inlinevariablen erfordern mindestens "/std:c++17".
C:\Users\Junkyyy\Downloads\BloodHunt_External-main\BloodHunt_External-main\HackExternal\HackExternal\Mhyprot\mhyprot.hpp(87,19): error C7525: Inlinevariablen erfordern mindestens "/std:c++17".
C:\Users\Junkyyy\Downloads\BloodHunt_External-main\BloodHunt_External-main\HackExternal\HackExternal\Mhyprot\mhyprot.hpp(88,20): error C7525: Inlinevariablen erfordern mindestens "/std:c++17".
C:\Users\Junkyyy\Downloads\BloodHunt_External-main\BloodHunt_External-main\HackExternal\HackExternal\Mhyprot\service_utils.hpp(45,38): error C2039: "string_view" ist kein Member von "std".
C:\Program Files\Microsoft Visual Studio\2022\Community\VC\Tools\MSVC\14.31.31103\include\fstream(26): message : Siehe Deklaration von "std"
C:\Users\Junkyyy\Downloads\BloodHunt_External-main\BloodHunt_External-main\HackExternal\HackExternal\Mhyprot\service_utils.hpp(45,50): error C4430: Fehlender Typspezifizierer - int wird angenommen. Hinweis: "default-int" wird von C++ nicht unterstützt.
C:\Users\Junkyyy\Downloads\BloodHunt_External-main\BloodHunt_External-main\HackExternal\HackExternal\Mhyprot\service_utils.hpp(45,50): error C2146: Syntaxfehler: Fehlendes ")" vor Bezeichner "driver_path"
C:\Users\Junkyyy\Downloads\BloodHunt_External-main\BloodHunt_External-main\HackExternal\HackExternal\Mhyprot\service_utils.hpp(45,50): error C3646: "driver_path": Unbekannter Überschreibungsspezifizierer
C:\Users\Junkyyy\Downloads\BloodHunt_External-main\BloodHunt_External-main\HackExternal\HackExternal\Mhyprot\service_utils.hpp(45,61): error C2059: Syntaxfehler: ")"
C:\Users\Junkyyy\Downloads\BloodHunt_External-main\BloodHunt_External-main\HackExternal\HackExternal\Mhyprot\service_utils.cpp(40,52): error C2039: "string_view" ist kein Member von "std".
C:\Program Files\Microsoft Visual Studio\2022\Community\VC\Tools\MSVC\14.31.31103\include\fstream(26): message : Siehe Deklaration von "std"
C:\Users\Junkyyy\Downloads\BloodHunt_External-main\BloodHunt_External-main\HackExternal\HackExternal\Mhyprot\service_utils.cpp(40,64): error C4430: Fehlender Typspezifizierer - int wird angenommen. Hinweis: "default-int" wird von C++ nicht unterstützt.
C:\Users\Junkyyy\Downloads\BloodHunt_External-main\BloodHunt_External-main\HackExternal\HackExternal\Mhyprot\service_utils.cpp(40,64): error C2146: Syntaxfehler: Fehlendes ")" vor Bezeichner "driver_path"
C:\Users\Junkyyy\Downloads\BloodHunt_External-main\BloodHunt_External-main\HackExternal\HackExternal\Mhyprot\service_utils.cpp(40,64): error C3646: "driver_path": Unbekannter Überschreibungsspezifizierer
C:\Users\Junkyyy\Downloads\BloodHunt_External-main\BloodHunt_External-main\HackExternal\HackExternal\Mhyprot\service_utils.cpp(40,75): error C2059: Syntaxfehler: ")"
C:\Users\Junkyyy\Downloads\BloodHunt_External-main\BloodHunt_External-main\HackExternal\HackExternal\Mhyprot\service_utils.cpp(52,9): error C2065: "driver_path": nichtdeklarierter Bezeichner
C:\Users\Junkyyy\Downloads\BloodHunt_External-main\BloodHunt_External-main\HackExternal\HackExternal\Mhyprot\service_utils.cpp(46,40): error C2660: "CreateServiceW": Funktion akzeptiert keine 12 Argumente
C:\Program Files (x86)\Windows Kits\10\Include\10.0.19041.0\um\winsvc.h(1121,1): message : Siehe Deklaration von "CreateServiceW"
C:\Users\Junkyyy\Downloads\BloodHunt_External-main\BloodHunt_External-main\HackExternal\HackExternal\Mhyprot\service_utils.cpp(63,20): error C2664: "SC_HANDLE OpenServiceW(SC_HANDLE,LPCWSTR,DWORD)" : Konvertierung von Argument 2 von "const char [9]" in "LPCWSTR" nicht möglich
C:\Users\Junkyyy\Downloads\BloodHunt_External-main\BloodHunt_External-main\HackExternal\HackExternal\Mhyprot\service_utils.cpp(65,17): message : Die Typen, auf die verwiesen wird, sind unabhängig; die Konvertierung erfordert eine reinterpret_cast-Umwandlung, eine C-Stil-Umwandlung oder eine in Klammern gesetzte Umwandlung im Funktionsstil.
C:\Program Files (x86)\Windows Kits\10\Include\10.0.19041.0\um\winsvc.h(1388,1): message : Siehe Deklaration von "OpenServiceW"
  utils.cpp
  win_utils.cpp
C:\Users\Junkyyy\Downloads\BloodHunt_External-main\BloodHunt_External-main\HackExternal\HackExternal\Mhyprot\win_utils.hpp(42,38): error C2039: "string_view" ist kein Member von "std".
C:\Program Files\Microsoft Visual Studio\2022\Community\VC\Tools\MSVC\14.31.31103\include\iostream(19): message : Siehe Deklaration von "std"
C:\Users\Junkyyy\Downloads\BloodHunt_External-main\BloodHunt_External-main\HackExternal\HackExternal\Mhyprot\win_utils.hpp(42,50): error C4430: Fehlender Typspezifizierer - int wird angenommen. Hinweis: "default-int" wird von C++ nicht unterstützt.
C:\Users\Junkyyy\Downloads\BloodHunt_External-main\BloodHunt_External-main\HackExternal\HackExternal\Mhyprot\win_utils.hpp(42,50): error C2146: Syntaxfehler: Fehlendes ")" vor Bezeichner "process_name"
C:\Users\Junkyyy\Downloads\BloodHunt_External-main\BloodHunt_External-main\HackExternal\HackExternal\Mhyprot\win_utils.hpp(42,50): error C3646: "process_name": Unbekannter Überschreibungsspezifizierer
C:\Users\Junkyyy\Downloads\BloodHunt_External-main\BloodHunt_External-main\HackExternal\HackExternal\Mhyprot\win_utils.hpp(42,62): error C2059: Syntaxfehler: ")"
C:\Users\Junkyyy\Downloads\BloodHunt_External-main\BloodHunt_External-main\HackExternal\HackExternal\Mhyprot\win_utils.hpp(45,47): error C2039: "string_view" ist kein Member von "std".
C:\Program Files\Microsoft Visual Studio\2022\Community\VC\Tools\MSVC\14.31.31103\include\iostream(19): message : Siehe Deklaration von "std"
C:\Users\Junkyyy\Downloads\BloodHunt_External-main\BloodHunt_External-main\HackExternal\HackExternal\Mhyprot\win_utils.hpp(45,59): error C4430: Fehlender Typspezifizierer - int wird angenommen. Hinweis: "default-int" wird von C++ nicht unterstützt.
C:\Users\Junkyyy\Downloads\BloodHunt_External-main\BloodHunt_External-main\HackExternal\HackExternal\Mhyprot\win_utils.hpp(45,59): error C2146: Syntaxfehler: Fehlendes ")" vor Bezeichner "target_module_name"
C:\Users\Junkyyy\Downloads\BloodHunt_External-main\BloodHunt_External-main\HackExternal\HackExternal\Mhyprot\win_utils.hpp(45,59): error C3646: "target_module_name": Unbekannter Überschreibungsspezifizierer
C:\Users\Junkyyy\Downloads\BloodHunt_External-main\BloodHunt_External-main\HackExternal\HackExternal\Mhyprot\win_utils.hpp(45,79): error C2062: "bool"-Typ unerwartet
C:\Users\Junkyyy\Downloads\BloodHunt_External-main\BloodHunt_External-main\HackExternal\HackExternal\Mhyprot\win_utils.hpp(45,104): error C2059: Syntaxfehler: ")"
C:\Users\Junkyyy\Downloads\BloodHunt_External-main\BloodHunt_External-main\HackExternal\HackExternal\Mhyprot\win_utils.cpp(31,48): error C2039: "string_view" ist kein Member von "std".
C:\Program Files\Microsoft Visual Studio\2022\Community\VC\Tools\MSVC\14.31.31103\include\iostream(19): message : Siehe Deklaration von "std"
C:\Users\Junkyyy\Downloads\BloodHunt_External-main\BloodHunt_External-main\HackExternal\HackExternal\Mhyprot\win_utils.cpp(31,60): error C4430: Fehlender Typspezifizierer - int wird angenommen. Hinweis: "default-int" wird von C++ nicht unterstützt.
C:\Users\Junkyyy\Downloads\BloodHunt_External-main\BloodHunt_External-main\HackExternal\HackExternal\Mhyprot\win_utils.cpp(31,60): error C2146: Syntaxfehler: Fehlendes ")" vor Bezeichner "process_name"
C:\Users\Junkyyy\Downloads\BloodHunt_External-main\BloodHunt_External-main\HackExternal\HackExternal\Mhyprot\win_utils.cpp(31,60): error C3646: "process_name": Unbekannter Überschreibungsspezifizierer
C:\Users\Junkyyy\Downloads\BloodHunt_External-main\BloodHunt_External-main\HackExternal\HackExternal\Mhyprot\win_utils.cpp(31,72): error C2059: Syntaxfehler: ")"
C:\Users\Junkyyy\Downloads\BloodHunt_External-main\BloodHunt_External-main\HackExternal\HackExternal\Mhyprot\win_utils.cpp(47,7): error C2065: "process_name": nichtdeklarierter Bezeichner
C:\Users\Junkyyy\Downloads\BloodHunt_External-main\BloodHunt_External-main\HackExternal\HackExternal\Mhyprot\win_utils.cpp(83,13): error C2039: "string_view" ist kein Member von "std".
C:\Program Files\Microsoft Visual Studio\2022\Community\VC\Tools\MSVC\14.31.31103\include\iostream(19): message : Siehe Deklaration von "std"
C:\Users\Junkyyy\Downloads\BloodHunt_External-main\BloodHunt_External-main\HackExternal\HackExternal\Mhyprot\win_utils.cpp(83,25): error C4430: Fehlender Typspezifizierer - int wird angenommen. Hinweis: "default-int" wird von C++ nicht unterstützt.
C:\Users\Junkyyy\Downloads\BloodHunt_External-main\BloodHunt_External-main\HackExternal\HackExternal\Mhyprot\win_utils.cpp(83,25): error C2146: Syntaxfehler: Fehlendes ")" vor Bezeichner "target_module_name"
C:\Users\Junkyyy\Downloads\BloodHunt_External-main\BloodHunt_External-main\HackExternal\HackExternal\Mhyprot\win_utils.cpp(83,25): error C3646: "target_module_name": Unbekannter Überschreibungsspezifizierer
C:\Users\Junkyyy\Downloads\BloodHunt_External-main\BloodHunt_External-main\HackExternal\HackExternal\Mhyprot\win_utils.cpp(84,2): error C2062: "bool"-Typ unerwartet
C:\Users\Junkyyy\Downloads\BloodHunt_External-main\BloodHunt_External-main\HackExternal\HackExternal\Mhyprot\win_utils.cpp(85,1): error C2059: Syntaxfehler: ")"
C:\Users\Junkyyy\Downloads\BloodHunt_External-main\BloodHunt_External-main\HackExternal\HackExternal\Mhyprot\win_utils.cpp(86,1): error C2143: Syntaxfehler: Es fehlt ";" vor "{"
C:\Users\Junkyyy\Downloads\BloodHunt_External-main\BloodHunt_External-main\HackExternal\HackExternal\Mhyprot\win_utils.cpp(86,1): error C2447: "{": Funktionsheader fehlt - Parameterliste im alten Stil?
  Code wird generiert...
