c:\users\junkyyy\downloads\bloodhunt\bloodhunt_external-main\hackexternal\hackexternal\x64\release\vc143.pdb
c:\users\junkyyy\downloads\bloodhunt\bloodhunt_external-main\hackexternal\hackexternal\x64\release\win_utils.obj
c:\users\junkyyy\downloads\bloodhunt\bloodhunt_external-main\hackexternal\hackexternal\x64\release\utils.obj
c:\users\junkyyy\downloads\bloodhunt\bloodhunt_external-main\hackexternal\hackexternal\x64\release\service_utils.obj
c:\users\junkyyy\downloads\bloodhunt\bloodhunt_external-main\hackexternal\hackexternal\x64\release\mhyprot.obj
c:\users\junkyyy\downloads\bloodhunt\bloodhunt_external-main\hackexternal\hackexternal\x64\release\file_utils.obj
c:\users\junkyyy\downloads\bloodhunt\bloodhunt_external-main\hackexternal\hackexternal\x64\release\baseadress.obj
c:\users\junkyyy\downloads\bloodhunt\bloodhunt_external-main\hackexternal\hackexternal\x64\release\main.obj
c:\users\junkyyy\downloads\bloodhunt\bloodhunt_external-main\hackexternal\hackexternal\x64\release\imgui_widgets.obj
c:\users\junkyyy\downloads\bloodhunt\bloodhunt_external-main\hackexternal\hackexternal\x64\release\imgui_tables.obj
c:\users\junkyyy\downloads\bloodhunt\bloodhunt_external-main\hackexternal\hackexternal\x64\release\imgui_impl_win32.obj
c:\users\junkyyy\downloads\bloodhunt\bloodhunt_external-main\hackexternal\hackexternal\x64\release\imgui_impl_dx9.obj
c:\users\junkyyy\downloads\bloodhunt\bloodhunt_external-main\hackexternal\hackexternal\x64\release\imgui_draw.obj
c:\users\junkyyy\downloads\bloodhunt\bloodhunt_external-main\hackexternal\hackexternal\x64\release\imgui_demo.obj
c:\users\junkyyy\downloads\bloodhunt\bloodhunt_external-main\hackexternal\hackexternal\x64\release\imgui.obj
c:\users\junkyyy\downloads\bloodhunt\bloodhunt_external-main\hackexternal\x64\release\hackexternal.exe
c:\users\junkyyy\downloads\bloodhunt\bloodhunt_external-main\hackexternal\hackexternal\x64\release\hackexternal.ipdb
c:\users\junkyyy\downloads\bloodhunt\bloodhunt_external-main\hackexternal\x64\release\hackexternal.pdb
c:\users\junkyyy\downloads\bloodhunt\bloodhunt_external-main\hackexternal\hackexternal\x64\release\hackexternal.iobj
c:\users\junkyyy\downloads\bloodhunt\bloodhunt_external-main\hackexternal\hackexternal\x64\release\hackexternal.tlog\cl.command.1.tlog
c:\users\junkyyy\downloads\bloodhunt\bloodhunt_external-main\hackexternal\hackexternal\x64\release\hackexternal.tlog\cl.read.1.tlog
c:\users\junkyyy\downloads\bloodhunt\bloodhunt_external-main\hackexternal\hackexternal\x64\release\hackexternal.tlog\cl.write.1.tlog
c:\users\junkyyy\downloads\bloodhunt\bloodhunt_external-main\hackexternal\hackexternal\x64\release\hackexternal.tlog\link.command.1.tlog
c:\users\junkyyy\downloads\bloodhunt\bloodhunt_external-main\hackexternal\hackexternal\x64\release\hackexternal.tlog\link.read.1.tlog
c:\users\junkyyy\downloads\bloodhunt\bloodhunt_external-main\hackexternal\hackexternal\x64\release\hackexternal.tlog\link.write.1.tlog
